[0mGET / [32m200[0m 496.545 ms - 19361[0m
[0mGET /favicon.ico [33m404[0m 45.815 ms - 150[0m
[0mGET /users/sign-in [36m304[0m 182.987 ms - -[0m
[0mPOST /users/create-session [36m302[0m 56.605 ms - 46[0m
[0mGET / [32m200[0m 88.220 ms - 31810[0m
[0mGET /users/profile/63bf71ceaf2092ad3c8a28c7 [36m304[0m 259.021 ms - -[0m
[0mGET / [32m200[0m 81.916 ms - 31490[0m
[0mGET /users/profile/63bf7102af2092ad3c8a28c3 [36m304[0m 22.612 ms - -[0m
[0mGET /users/profile/63bf7102af2092ad3c8a28c3 [32m200[0m 24.278 ms - 2681[0m
[0mGET / [32m200[0m 642.150 ms - 19361[0m
[0mGET /users/sign-in [32m200[0m 68.533 ms - 2286[0m
[0mPOST /users/create-session [36m302[0m 44.555 ms - 46[0m
[0mGET / [32m200[0m 138.557 ms - 31810[0m
[0mGET / [31m500[0m 10086.269 ms - 466[0m
[0mGET / [32m200[0m 392.748 ms - 31495[0m
[0mGET / [32m200[0m 127.392 ms - 31616[0m
[0mGET / [32m200[0m 108.410 ms - 19502[0m
[0mGET /users/sign-in [32m200[0m 10.968 ms - 2286[0m
[0mPOST /users/create-session [36m302[0m 16.811 ms - 72[0m
[0mGET /users/sign-in [32m200[0m 65.128 ms - 2509[0m
[0mPOST /users/create-session [36m302[0m 13.294 ms - 46[0m
[0mGET / [32m200[0m 102.146 ms - 31951[0m
[0mGET / [32m200[0m 99.663 ms - 31631[0m
[0mGET / [32m200[0m 114.659 ms - 31631[0m
[0mGET / [32m200[0m 148.726 ms - 31613[0m
[0mGET / [32m200[0m 149.018 ms - 31640[0m
[0mGET / [32m200[0m 128.350 ms - 31637[0m
[0mGET / [32m200[0m 373.797 ms - 31658[0m
[0mGET / [32m200[0m 115.714 ms - 31752[0m
[0mGET / [32m200[0m 747.779 ms - 19598[0m
[0mGET /users/sign-in [32m200[0m 529.067 ms - 2286[0m
[0mPOST /users/create-session [36m302[0m 61.890 ms - 46[0m
[0mGET / [32m200[0m 199.777 ms - 32072[0m
[0mPOST /likes/toggle/?id=63d881b7f74a9d0c9ac2b03b&type=Post [32m200[0m 34.896 ms - 61[0m
[0mPOST /likes/toggle/?id=63d881b7f74a9d0c9ac2b03b&type=Post [32m200[0m 17.091 ms - 60[0m
[0mPOST /likes/toggle/?id=63ce38c72e4424c9554de53c&type=Post [32m200[0m 15.754 ms - 60[0m
[0mPOST /likes/toggle/?id=63ce38c72e4424c9554de53c&type=Post [32m200[0m 113.330 ms - 61[0m
[0mPOST /likes/toggle/?id=63d48dece6777c1b29e558a8&type=Comment [32m200[0m 19.391 ms - 61[0m
[0mGET /users/sign-out [36m302[0m 12.683 ms - 46[0m
[0mGET / [32m200[0m 96.879 ms - 19914[0m
[0mGET /users/sign-in [32m200[0m 8.339 ms - 2286[0m
[0mPOST /users/create-session [36m302[0m 127.619 ms - 72[0m
[0mGET /users/sign-in [32m200[0m 6.982 ms - 2509[0m
[0mPOST /users/create-session [36m302[0m 11.333 ms - 46[0m
[0mGET / [32m200[0m 84.455 ms - 29365[0m
[0mGET /posts/destroy/63ce38c72e4424c9554de53c [32m200[0m 17.234 ms - 72[0m
