[0mGET / [32m200[0m 179.386 ms - 25914[0m
[0mGET / [32m200[0m 77.584 ms - 25943[0m
[0mGET / [32m200[0m 74.503 ms - 25927[0m
[0mGET / [32m200[0m 373.724 ms - 25927[0m
[0mGET / [32m200[0m 13562.925 ms - 16468[0m
[0mGET / [32m200[0m 608.025 ms - 16468[0m
[0mGET /users/sign-in [32m200[0m 222.093 ms - 2294[0m
[0mPOST /users/create-session [36m302[0m 451.002 ms - 46[0m
[0mGET / [32m200[0m 556.136 ms - 27263[0m
[0mGET / [32m200[0m 921.807 ms - 16468[0m
[0mGET /favicon.ico [33m404[0m 58.265 ms - 150[0m
[0mGET / [36m304[0m 79.286 ms - -[0m
[0mGET / [36m304[0m 65.908 ms - -[0m
[0mGET / [36m304[0m 58.525 ms - -[0m
[0mGET / [36m304[0m 61.890 ms - -[0m
[0mGET / [36m304[0m 86.649 ms - -[0m
[0mGET / [36m304[0m 64.839 ms - -[0m
[0mGET /users/profile/63bf7102af2092ad3c8a28c3 [36m302[0m 8.868 ms - 72[0m
[0mGET /users/sign-in [32m200[0m 550.197 ms - 2294[0m
[0mPOST /users/create-session [36m302[0m 63.090 ms - 46[0m
[0mGET / [32m200[0m 154.871 ms - 27263[0m
[0mPOST /posts/create [36m302[0m 625.212 ms - 44[0m
[0mGET / [32m200[0m 56.932 ms - 28643[0m
[0mGET / [32m200[0m 55.914 ms - 28433[0m
[0mPOST /posts/create [36m302[0m 9.391 ms - 44[0m
[0mGET / [32m200[0m 273.610 ms - 30135[0m
[0mGET / [32m200[0m 252.332 ms - 29925[0m
[0mPOST /posts/create [36m302[0m 19.938 ms - 44[0m
[0mGET / [32m200[0m 56.710 ms - 31628[0m
[0mGET / [32m200[0m 117.701 ms - 31418[0m
[0mPOST /posts/create [36m302[0m 21.452 ms - 44[0m
[0mGET / [32m200[0m 67.188 ms - 33121[0m
[0mGET / [32m200[0m 122.898 ms - 32911[0m
[0mPOST /posts/create [36m302[0m 21.173 ms - 44[0m
[0mGET / [32m200[0m 71.681 ms - 34614[0m
[0mGET / [32m200[0m 145.153 ms - 34404[0m
[0mPOST /posts/create [36m302[0m 20.745 ms - 44[0m
[0mGET / [32m200[0m 73.360 ms - 36106[0m
[0mGET / [32m200[0m 65.286 ms - 35896[0m
[0mGET / [36m304[0m 115.200 ms - -[0m
[0mPOST /posts/create [36m302[0m 20.116 ms - 44[0m
[0mGET / [32m200[0m 73.755 ms - 37594[0m
[0mGET / [32m200[0m 207.841 ms - 37384[0m
[0mPOST /posts/create [32m200[0m 30.550 ms - 283[0m
[0mGET / [32m200[0m 253.195 ms - 38877[0m
[0mPOST /posts/create [36m302[0m 24.370 ms - 44[0m
[0mGET / [32m200[0m 79.680 ms - 40578[0m
[0mGET / [32m200[0m 168.365 ms - 40368[0m
[0mPOST /posts/create [36m302[0m 26.322 ms - 44[0m
[0mGET / [32m200[0m 104.835 ms - 42068[0m
[0mGET / [32m200[0m 130.605 ms - 41858[0m
[0mPOST /posts/create [36m302[0m 26.265 ms - 44[0m
[0mGET / [32m200[0m 77.570 ms - 43555[0m
[0mGET / [32m200[0m 165.506 ms - 43345[0m
[0mPOST /posts/create [32m200[0m 31.934 ms - 278[0m
[0mGET / [32m200[0m 136.979 ms - 44833[0m
[0mPOST /posts/create [32m200[0m 28.318 ms - 278[0m
[0mGET / [32m200[0m 130.586 ms - 46321[0m
[0mPOST /posts/create [32m200[0m 30.816 ms - 278[0m
[0mGET / [32m200[0m 154.330 ms - 26988[0m
[0mGET /favicon.ico [33m404[0m 7.308 ms - 150[0m
[0mGET /users/sign-in [32m200[0m 429.314 ms - 2294[0m
[0mPOST /users/create-session [36m302[0m 17.117 ms - 46[0m
[0mGET / [32m200[0m 102.709 ms - 48129[0m
[0mPOST /posts/create [32m200[0m 32.659 ms - 278[0m
[0mGET / [32m200[0m 150.708 ms - 49297[0m
[0mGET / [32m200[0m 111.151 ms - 49297[0m
[0mPOST /posts/create [32m200[0m 25.568 ms - 278[0m
[0mGET / [32m200[0m 145.762 ms - 50785[0m
[0mPOST /posts/create [32m200[0m 27.056 ms - 279[0m
[0mGET / [32m200[0m 167.673 ms - 52272[0m
[0mPOST /posts/create [32m200[0m 27.355 ms - 278[0m
[0mGET / [32m200[0m 122.238 ms - 53760[0m
[0mPOST /posts/create [32m200[0m 14.057 ms - 278[0m
[0mGET / [32m200[0m 167.140 ms - 55248[0m
[0mPOST /posts/create [32m200[0m 28.675 ms - 278[0m
[0mGET / [32m200[0m 188.028 ms - 56736[0m
[0mPOST /posts/create [32m200[0m 27.785 ms - 278[0m
[0mGET / [32m200[0m 153.600 ms - 58224[0m
[0mPOST /posts/create [32m200[0m 30.705 ms - 275[0m
[0mGET / [32m200[0m 148.738 ms - 59709[0m
[0mPOST /posts/create [32m200[0m 28.351 ms - 275[0m
[0mGET / [32m200[0m 136.994 ms - 61194[0m
[0mPOST /posts/create [32m200[0m 27.329 ms - 275[0m
[0mGET / [32m200[0m 156.183 ms - 62679[0m
[0mPOST /posts/create [32m200[0m 41.926 ms - 278[0m
[0mGET / [32m200[0m 135.166 ms - 64167[0m
[0mPOST /posts/create [32m200[0m 24.532 ms - 275[0m
[0mGET / [32m200[0m 449.835 ms - 65652[0m
[0mPOST /posts/create [32m200[0m 25.557 ms - 279[0m
[0mGET / [32m200[0m 305.137 ms - 67139[0m
[0mPOST /posts/create [32m200[0m 32.190 ms - 275[0m
[0mGET / [32m200[0m 141.414 ms - 68624[0m
[0mPOST /posts/create [32m200[0m 27.237 ms - 276[0m
[0mGET / [32m200[0m 131.597 ms - 70110[0m
[0mPOST /posts/create [32m200[0m 25.608 ms - 275[0m
[0mGET / [32m200[0m 143.218 ms - 71595[0m
[0mPOST /posts/create [32m200[0m 26.324 ms - 277[0m
[0mGET / [32m200[0m 149.375 ms - 73082[0m
[0mPOST /posts/create [32m200[0m 28.682 ms - 275[0m
[0mGET / [32m200[0m 194.980 ms - 74569[0m
[0mPOST /posts/create [32m200[0m 25.947 ms - 274[0m
[0mGET / [32m200[0m 95.669 ms - 76055[0m
[0mGET / [32m200[0m 134.192 ms - 41193[0m
[0mGET /users/sign-in [36m304[0m 33.436 ms - -[0m
[0mPOST /users/create-session [36m302[0m 12.873 ms - 46[0m
[0mGET / [32m200[0m 104.481 ms - 76375[0m
[0mGET / [32m200[0m 97.657 ms - 76055[0m
[0mGET / [32m200[0m 3335.352 ms - 41193[0m
[0mGET /favicon.ico [33m404[0m 42.392 ms - 150[0m
[0mGET / [32m200[0m 154.796 ms - 41193[0m
[0mGET /users/sign-in [32m200[0m 124.349 ms - 2294[0m
[0mPOST /users/create-session [36m302[0m 59.143 ms - 46[0m
[0mGET / [32m200[0m 178.641 ms - 76375[0m
[0mGET /posts/destroy/63ffd25301686884b27c6ae7 [36m302[0m 15.126 ms - 44[0m
[0mGET / [32m200[0m 81.339 ms - 76265[0m
[0mGET / [32m200[0m 149.353 ms - 76055[0m
[0mGET /posts/destroy/63ffd25301686884b27c6ae7 [36m302[0m 27.575 ms - 44[0m
[0mGET / [32m200[0m 110.831 ms - 76265[0m
[0mGET / [32m200[0m 218.398 ms - 76055[0m
[0mGET /posts/destroy/63ffd25301686884b27c6ae7 [36m302[0m 26.342 ms - 44[0m
[0mGET / [32m200[0m 126.163 ms - 76055[0m
[0mGET / [32m200[0m 197.391 ms - 76055[0m
[0mGET /posts/destroy/63ffd25301686884b27c6ae7 [32m200[0m 45.915 ms - 72[0m
[0mGET / [32m200[0m 199.972 ms - 74569[0m
[0mGET /posts/destroy/63ffd192f5f35071ae62b003 [32m200[0m 223.783 ms - 72[0m
[0mGET /posts/destroy/63ffd102ab648c47089e3d14 [32m200[0m 13.627 ms - 72[0m
[0mGET /posts/destroy/63ffd0876e34625ca59d3d0d [32m200[0m 10.782 ms - 72[0m
[0mGET /posts/destroy/63ffcfc130d3a2046ed0c6e3 [32m200[0m 11.934 ms - 72[0m
[0mGET /posts/destroy/63ffcec8cf0143235eaf347e [32m200[0m 11.181 ms - 72[0m
[0mGET /posts/destroy/63ffcdba7ec17a9e36ae6b51 [32m200[0m 11.693 ms - 72[0m
[0mGET /posts/destroy/63ffcd6740420abd12b07a5f [32m200[0m 11.814 ms - 72[0m
[0mGET /posts/destroy/63ffcce83e0150a56418e158 [32m200[0m 13.078 ms - 72[0m
[0mGET /posts/destroy/63ffcc2f54301440f885878f [32m200[0m 11.461 ms - 72[0m
[0mGET /posts/destroy/63ffcbe3403ff979369a37b0 [32m200[0m 12.135 ms - 72[0m
[0mGET /posts/destroy/63ffc9f80968467c8858f58d [32m200[0m 11.333 ms - 72[0m
[0mGET /posts/destroy/63ffc8550722d8323c7531fa [32m200[0m 12.523 ms - 72[0m
[0mGET /posts/destroy/63ffc7a0b0d98885bd270e49 [32m200[0m 10.992 ms - 72[0m
[0mGET /posts/destroy/63ffc5aadb4bf23c24b59a0d [32m200[0m 11.055 ms - 72[0m
[0mGET /posts/destroy/63ffc514db4bf23c24b599fe [32m200[0m 12.233 ms - 72[0m
[0mGET /posts/destroy/63ffc4079912bce1687c86bf [32m200[0m 12.550 ms - 72[0m
[0mGET /posts/destroy/63ffc3b0012db3a5f8409e12 [32m200[0m 12.923 ms - 72[0m
[0mGET /posts/destroy/63ffc0163312936c0593be88 [32m200[0m 11.765 ms - 72[0m
[0mGET /posts/destroy/63ffbea591586f57ba8c2cb7 [32m200[0m 10.827 ms - 72[0m
[0mGET /posts/destroy/63ffbe127ad4924842e9216f [32m200[0m 10.083 ms - 72[0m
[0mGET /posts/destroy/63ffbd113aa0e8462e8e0c0c [32m200[0m 117.772 ms - 72[0m
[0mGET /posts/destroy/63ffbb19f93bd059a09cf3cf [32m200[0m 12.089 ms - 72[0m
[0mGET /posts/destroy/63ffba1ad45ccd927100f8a6 [32m200[0m 12.474 ms - 72[0m
[0mGET /posts/destroy/63ffb8efc1f486e8b2c1fab2 [32m200[0m 997.741 ms - 72[0m
[0mGET /posts/destroy/63ffb8a07cd36b293675b27d [32m200[0m 10.809 ms - 72[0m
[0mGET /posts/destroy/63ffb85a884b0b2213719eac [32m200[0m 13.208 ms - 72[0m
[0mGET /posts/destroy/63ffb82dcc0cc797620e8a55 [32m200[0m 9.943 ms - 72[0m
[0mGET /posts/destroy/63ffb7d1dd114b23bd1987aa [32m200[0m 10.787 ms - 72[0m
[0mGET /posts/destroy/63ffb5382b3f0e2f7db194cb [32m200[0m 11.838 ms - 72[0m
[0mGET /posts/destroy/63ffb4d79ee40b050c48d33c [32m200[0m 11.151 ms - 72[0m
[0mGET /posts/destroy/63ffaf62645b806eae52706a [32m200[0m 11.315 ms - 72[0m
