[0mGET / [32m200[0m 258.357 ms - 17299[0m
[0mGET /users/sign-in [32m200[0m 21.156 ms - 2294[0m
[0mPOST /users/create-session [36m302[0m 56.320 ms - 46[0m
[0mGET / [32m200[0m 84.926 ms - 28833[0m
[0mGET /posts/destroy/63eb910f54c07950cbe41fa7 [32m200[0m 16.027 ms - 72[0m
[0mGET /posts/destroy/63eb910554c07950cbe41f9d [32m200[0m 17.229 ms - 72[0m
[0mPOST /comments/create [32m200[0m 43.009 ms - 334[0m
[0mPOST /comments/create [32m200[0m 14.312 ms - 334[0m
[0mPOST /comments/create [32m200[0m 14.604 ms - 334[0m
[0mGET /comments/destroy/6400ed0e79a7fa65c297b82b [32m200[0m 135.332 ms - 78[0m
[0mGET / [32m200[0m 148.242 ms - 27277[0m
[0mPOST /comments/create [32m200[0m 26.974 ms - 334[0m
[0mGET / [32m200[0m 95.765 ms - 28199[0m
[0mGET / [32m200[0m 106.306 ms - 28199[0m
[0mGET / [32m200[0m 95.968 ms - 28199[0m
[0mPOST /comments/create [32m200[0m 14.371 ms - 334[0m
[0mGET / [32m200[0m 861.918 ms - 29121[0m
[0mGET / [32m200[0m 1071.316 ms - 29121[0m
[0mGET / [32m200[0m 78.722 ms - 29121[0m
[0mGET / [32m200[0m 80.414 ms - 29121[0m
[0mGET / [32m200[0m 84.426 ms - 29121[0m
[0mGET / [32m200[0m 77.890 ms - 29241[0m
[0mGET / [32m200[0m 564.193 ms - 18415[0m
[0mGET /users/sign-in [32m200[0m 584.188 ms - 2294[0m
[0mPOST /users/create-session [36m302[0m 279.044 ms - 46[0m
[0mGET / [32m200[0m 103.896 ms - 30025[0m
[0mGET / [32m200[0m 1151.703 ms - 29719[0m
[0mGET / [32m200[0m 717.740 ms - 29727[0m
[0mGET / [32m200[0m 791.803 ms - 29727[0m
[0mGET / [32m200[0m 613.832 ms - 29727[0m
[0mGET / [32m200[0m 139.668 ms - 29827[0m
[0mGET / [32m200[0m 260.915 ms - 29827[0m
[0mGET / [32m200[0m 78.504 ms - 29827[0m
[0mGET / [32m200[0m 72.641 ms - 29806[0m
[0mGET / [32m200[0m 71.313 ms - 29822[0m
[0mGET / [32m200[0m 83.748 ms - 29826[0m
[0mGET / [32m200[0m 72.387 ms - 29926[0m
[0mGET / [32m200[0m 69.926 ms - 29947[0m
[0mGET / [32m200[0m 75.712 ms - 29947[0m
[0mGET / [32m200[0m 75.201 ms - 29947[0m
[0mGET / [32m200[0m 69.532 ms - 29947[0m
[0mGET / [32m200[0m 171.898 ms - 18615[0m
[0mGET /favicon.ico [33m404[0m 8.882 ms - 150[0m
[0mGET /users/sign-in [36m304[0m 80.243 ms - -[0m
[0mPOST /users/create-session [36m302[0m 18.048 ms - 46[0m
[0mGET / [32m200[0m 264.982 ms - 30267[0m
[0mPOST /posts/create [32m200[0m 28.871 ms - 281[0m
[0mGET / [32m200[0m 156.694 ms - 31450[0m
[0mGET /users/sign-out [36m302[0m 13.988 ms - 46[0m
[0mGET / [32m200[0m 60.461 ms - 19695[0m
[0mGET /users/sign-in [36m304[0m 27.287 ms - -[0m
[0mPOST /users/create-session [36m302[0m 9.558 ms - 46[0m
[0mGET / [32m200[0m 93.951 ms - 27867[0m
[0mGET /users/sign-out [36m302[0m 9.397 ms - 46[0m
[0mGET / [32m200[0m 232.923 ms - 19695[0m
[0mGET / [32m200[0m 53.354 ms - 19379[0m
[0mGET /users/sign-in [32m200[0m 14.507 ms - 2294[0m
[0mGET /users/sign-in [32m200[0m 6.947 ms - 2294[0m
[0mGET /users/reset_password [32m200[0m 141.468 ms - 2135[0m
[0mGET /users/sign-in [32m200[0m 7.481 ms - 2294[0m
[0mGET /users/sign-up [32m200[0m 1794.800 ms - 2529[0m
[0mGET /users/sign-up [32m200[0m 5.736 ms - 2529[0m
[0mGET /users/reset_password [32m200[0m 8.436 ms - 2135[0m
[0mGET /users/reset_password [32m200[0m 248.032 ms - 2224[0m
[0mGET /recover_pass_screen_style.css [33m404[0m 3.979 ms - 168[0m
[0mGET /recover_pass_screen_style.css [33m404[0m 3.275 ms - 168[0m
[0mGET /users/reset_password [32m200[0m 11.138 ms - 2224[0m
[0mGET /recover_pass_screen_style.css [33m404[0m 3.426 ms - 168[0m
[0mGET /recover_pass_screen_style.css [33m404[0m 3.017 ms - 168[0m
[0mGET /users/reset_password [32m200[0m 24.597 ms - 2289[0m
[0mGET /recover_pass_screen_style.css [33m404[0m 3.640 ms - 168[0m
[0mGET /recover_pass_screen_style.css [33m404[0m 3.487 ms - 168[0m
[0mGET /users/reset_password [32m200[0m 7.776 ms - 2293[0m
[0mGET /users//users/password_reset/ [33m404[0m 1.340 ms - 167[0m
[0mGET /users/password_reset/ [32m200[0m 8.000 ms - 2096[0m
[0mGET /users/css/layout.css [33m404[0m 6.605 ms - 159[0m
[0mGET /users/css/header.css [33m404[0m 875.665 ms - 159[0m
[0mGET /users/css/footer.css [33m404[0m 877.957 ms - 159[0m
[0mGET /users/css/layout.css [33m404[0m 6.163 ms - 159[0m
[0mGET /users/css/header.css [33m404[0m 10.086 ms - 159[0m
[0mGET /users/css/footer.css [33m404[0m 11.107 ms - 159[0m
[0mGET /users/password_reset/ [32m200[0m 10.130 ms - 2096[0m
[0mGET /users/css/footer.css [33m404[0m 6.909 ms - 159[0m
[0mGET /users/css/layout.css [33m404[0m 7.976 ms - 159[0m
[0mGET /users/css/header.css [33m404[0m 8.126 ms - 159[0m
[0mGET /users/css/layout.css [33m404[0m 6.728 ms - 159[0m
[0mGET /users/css/header.css [33m404[0m 8.794 ms - 159[0m
[0mGET /users/css/footer.css [33m404[0m 8.187 ms - 159[0m
[0mGET / [32m200[0m 269.927 ms - 19379[0m
[0mGET /users/sign-in [32m200[0m 33.655 ms - 2294[0m
[0mGET /users/password_reset/ [32m200[0m 86.992 ms - 2096[0m
[0mGET /users/css/footer.css [33m404[0m 8.001 ms - 159[0m
[0mGET /users/css/layout.css [33m404[0m 5.431 ms - 159[0m
[0mGET /users/css/header.css [33m404[0m 8.247 ms - 159[0m
[0mGET /users/css/layout.css [33m404[0m 4.952 ms - 159[0m
[0mGET /users/css/header.css [33m404[0m 8.181 ms - 159[0m
[0mGET /users/css/footer.css [33m404[0m 8.406 ms - 159[0m
[0mGET /users/password_reset/ [32m200[0m 9.888 ms - 2281[0m
[0mGET /users/css/layout.css [33m404[0m 4.811 ms - 159[0m
[0mGET /users/css/header.css [33m404[0m 7.023 ms - 159[0m
[0mGET /users/css/footer.css [33m404[0m 8.655 ms - 159[0m
[0mGET /users/css/setnew_pass_style.css [33m404[0m 23.613 ms - 170[0m
[0mGET /users/css/layout.css [33m404[0m 6.569 ms - 159[0m
[0mGET /users/css/header.css [33m404[0m 6.865 ms - 159[0m
[0mGET /users/css/footer.css [33m404[0m 10.347 ms - 159[0m
[0mGET /users/css/setnew_pass_style.css [33m404[0m 11.506 ms - 170[0m
[0mGET /users/password_reset/ [32m200[0m 8.038 ms - 2281[0m
[0mGET /users/css/layout.css [33m404[0m 5.927 ms - 159[0m
[0mGET /users/css/header.css [33m404[0m 13.046 ms - 159[0m
[0mGET /users/css/setnew_pass_style.css [33m404[0m 11.069 ms - 170[0m
[0mGET /users/css/footer.css [33m404[0m 12.058 ms - 159[0m
[0mGET /users/css/layout.css [33m404[0m 5.289 ms - 159[0m
[0mGET /users/css/header.css [33m404[0m 5.769 ms - 159[0m
[0mGET /users/css/footer.css [33m404[0m 9.430 ms - 159[0m
[0mGET /users/css/setnew_pass_style.css [33m404[0m 14.098 ms - 170[0m
[0mGET / [32m200[0m 54.205 ms - 19379[0m
[0mGET /users/sign-in [32m200[0m 6.585 ms - 2294[0m
[0mGET /users/reset_password [32m200[0m 6.892 ms - 2293[0m
[0mPOST /users/reset-password-req [36m302[0m 542.052 ms - 46[0m
[0mGET / [32m200[0m 76.409 ms - 19785[0m
[0mGET /users/password_reset/?accessToken=49c35b3d5f66f18efdc9cbcc53118d2966654674 [32m200[0m 8.028 ms - 2321[0m
[0mGET /users/css/header.css [33m404[0m 8.801 ms - 159[0m
[0mGET /users/css/layout.css [33m404[0m 10.633 ms - 159[0m
[0mGET /users/css/footer.css [33m404[0m 10.360 ms - 159[0m
[0mGET /users/css/setnew_pass_style.css [33m404[0m 10.462 ms - 170[0m
[0mGET /users/css/layout.css [33m404[0m 17.792 ms - 159[0m
[0mGET /users/css/header.css [33m404[0m 17.905 ms - 159[0m
[0mGET /users/css/footer.css [33m404[0m 20.179 ms - 159[0m
[0mGET /users/css/setnew_pass_style.css [33m404[0m 20.683 ms - 170[0m
[0mPOST /users/password_reset/?accessToken=49c35b3d5f66f18efdc9cbcc53118d2966654674 [36m302[0m 10.824 ms - 72[0m
[0mGET /users/sign-in [32m200[0m 8.005 ms - 2664[0m
[0mGET /users/password_reset/ [32m200[0m 9.721 ms - 2281[0m
[0mGET /users/css/header.css [33m404[0m 9.131 ms - 159[0m
[0mGET /users/css/layout.css [33m404[0m 8.264 ms - 159[0m
[0mGET /users/css/footer.css [33m404[0m 11.767 ms - 159[0m
[0mGET /users/css/setnew_pass_style.css [33m404[0m 11.738 ms - 170[0m
[0mGET /users/css/layout.css [33m404[0m 6.929 ms - 159[0m
[0mGET /users/css/header.css [33m404[0m 7.012 ms - 159[0m
[0mGET /users/css/footer.css [33m404[0m 7.573 ms - 159[0m
[0mGET /users/css/setnew_pass_style.css [33m404[0m 11.396 ms - 170[0m
[0mGET /users/password_reset/ [32m200[0m 341.354 ms - 2277[0m
[0mGET /users/password_reset/css/layout.css [33m404[0m 12.746 ms - 174[0m
[0mGET /users/password_reset/css/setnew_pass_style.css [33m404[0m 9.259 ms - 185[0m
[0mGET /users/password_reset/css/header.css [33m404[0m 28.071 ms - 174[0m
[0mGET /users/password_reset/css/footer.css [33m404[0m 28.703 ms - 174[0m
[0mGET /users/password_reset/css/layout.css [33m404[0m 13.582 ms - 174[0m
[0mGET /users/password_reset/css/header.css [33m404[0m 14.002 ms - 174[0m
[0mGET /users/password_reset/css/footer.css [33m404[0m 19.277 ms - 174[0m
[0mGET /users/password_reset/css/setnew_pass_style.css [33m404[0m 38.296 ms - 185[0m
[0mGET /users/password_reset/ [32m200[0m 34.334 ms - 2269[0m
[0mGET /users/password_reset/css/layout.css [33m404[0m 16.595 ms - 174[0m
[0mGET /users/password_reset/css/setnew_pass_style.css [33m404[0m 14.445 ms - 185[0m
[0mGET /users/password_reset/css/header.css [33m404[0m 64.530 ms - 174[0m
[0mGET /users/password_reset/css/footer.css [33m404[0m 80.525 ms - 174[0m
[0mGET /users/password_reset/css/layout.css [33m404[0m 6.044 ms - 174[0m
[0mGET /users/password_reset/css/setnew_pass_style.css [33m404[0m 8.284 ms - 185[0m
[0mGET /users/password_reset/ [32m200[0m 8.987 ms - 2269[0m
[0mGET /users/password_reset/css/layout.css [33m404[0m 13.437 ms - 174[0m
[0mGET /users/password_reset/css/header.css [33m404[0m 13.936 ms - 174[0m
[0mGET /users/password_reset/css/footer.css [33m404[0m 14.394 ms - 174[0m
[0mGET /users/password_reset/css/setnew_pass_style.css [33m404[0m 24.535 ms - 185[0m
[0mGET /users/password_reset/css/layout.css [33m404[0m 10.228 ms - 174[0m
[0mGET /users/password_reset/css/header.css [33m404[0m 14.284 ms - 174[0m
[0mGET /users/password_reset/css/footer.css [33m404[0m 14.054 ms - 174[0m
[0mGET /users/password_reset/css/setnew_pass_style.css [33m404[0m 14.398 ms - 185[0m
[0mGET / [32m200[0m 94.444 ms - 19352[0m
[0mGET /users/sign-in [32m200[0m 8.763 ms - 2282[0m
[0mGET /users/css/layout.css [33m404[0m 9.469 ms - 159[0m
[0mGET /users/css/header.css [33m404[0m 14.486 ms - 159[0m
[0mGET /users/css/footer.css [33m404[0m 14.547 ms - 159[0m
[0mGET /users/css/sign_in_style.css [33m404[0m 16.146 ms - 166[0m
[0mGET /users/css/layout.css [33m404[0m 15.365 ms - 159[0m
[0mGET /users/css/header.css [33m404[0m 13.358 ms - 159[0m
[0mGET /users/css/sign_in_style.css [33m404[0m 10.612 ms - 166[0m
[0mGET /users/css/footer.css [33m404[0m 17.527 ms - 159[0m
[0mGET / [32m200[0m 49.131 ms - 19352[0m
[0mGET /users/sign-in [32m200[0m 40.798 ms - 2282[0m
[0mGET /users/css/layout.css [33m404[0m 10.025 ms - 159[0m
[0mGET /users/css/header.css [33m404[0m 15.963 ms - 159[0m
[0mGET /users/css/footer.css [33m404[0m 13.554 ms - 159[0m
[0mGET /users/css/sign_in_style.css [33m404[0m 14.485 ms - 166[0m
[0mGET /users/css/footer.css [33m404[0m 9.029 ms - 159[0m
[0mGET /users/css/layout.css [33m404[0m 9.587 ms - 159[0m
[0mGET /users/css/header.css [33m404[0m 9.940 ms - 159[0m
[0mGET /users/css/sign_in_style.css [33m404[0m 11.430 ms - 166[0m
[0mGET / [32m200[0m 96.712 ms - 19352[0m
[0mGET / [32m200[0m 51.602 ms - 19352[0m
[0mGET /users/sign-in [32m200[0m 6.667 ms - 2282[0m
[0mGET /users/css/layout.css [33m404[0m 8.963 ms - 159[0m
[0mGET /users/css/header.css [33m404[0m 9.583 ms - 159[0m
[0mGET /users/css/footer.css [33m404[0m 11.453 ms - 159[0m
[0mGET /users/css/sign_in_style.css [33m404[0m 11.842 ms - 166[0m
[0mGET /users/css/layout.css [33m404[0m 11.076 ms - 159[0m
[0mGET /users/css/header.css [33m404[0m 10.081 ms - 159[0m
[0mGET /users/css/footer.css [33m404[0m 12.218 ms - 159[0m
[0mGET /users/css/sign_in_style.css [33m404[0m 6.664 ms - 166[0m
[0mGET /users/sign-in [32m200[0m 31.880 ms - 2286[0m
[0mGET /users/sign-up [32m200[0m 72.008 ms - 2521[0m
[0mGET /password_reset/ [33m404[0m 8.817 ms - 154[0m
[0mGET /users/password_reset/ [32m200[0m 22.914 ms - 2273[0m
[0mGET /users/sign-in [32m200[0m 9.854 ms - 2286[0m
[0mGET /users/reset_password [32m200[0m 26.870 ms - 2285[0m
[0mGET /users/sign-in [32m200[0m 8.766 ms - 2286[0m
[0mGET /users/reset_password [32m200[0m 7.163 ms - 2285[0m
[0mGET /users/sign-in [32m200[0m 9.121 ms - 2286[0m
[0mGET /users/sign-up [32m200[0m 9.239 ms - 2521[0m
[0mGET /users/password_reset/ [32m200[0m 7.823 ms - 2273[0m
[0mGET /users/password_reset/ [32m200[0m 9.587 ms - 2273[0m
[0mGET /users/password_reset/ [32m200[0m 3.952 ms - 2273[0m
[0mGET / [32m200[0m 82.171 ms - 19361[0m
[0mGET / [32m200[0m 52.750 ms - 19361[0m
[0mGET /users/sign-in [32m200[0m 6.216 ms - 2286[0m
[0mPOST /users/create-session [36m302[0m 24.584 ms - 46[0m
[0mGET / [32m200[0m 157.575 ms - 27849[0m
[0mGET /users/password_reset/ [32m200[0m 7.959 ms - 2345[0m
[0mGET / [32m200[0m 66.020 ms - 27529[0m
[0mGET /users/profile/63bf7102af2092ad3c8a28c3 [32m200[0m 89.843 ms - 2526[0m
[0mGET / [32m200[0m 55.952 ms - 27529[0m
[0mGET /users/profile/63db010d8c388ff907c77b3e [32m200[0m 24.643 ms - 2607[0m
[0mGET / [32m200[0m 64.206 ms - 27529[0m
[0mGET /users/profile/63bf7102af2092ad3c8a28c3 [32m200[0m 19.713 ms - 2526[0m
[0mGET /users/profile/63bf7102af2092ad3c8a28c3 [32m200[0m 20.619 ms - 2568[0m
[0mGET /users/profile/63bf7102af2092ad3c8a28c3 [32m200[0m 20.310 ms - 2557[0m
[0mGET /users/profile/63bf7102af2092ad3c8a28c3 [32m200[0m 28.079 ms - 2567[0m
[0mGET /users/profile/63bf7102af2092ad3c8a28c3 [32m200[0m 18.820 ms - 2581[0m
[0mGET /users/profile/63bf7102af2092ad3c8a28c3 [32m200[0m 19.885 ms - 2581[0m
[0mGET /users/profile/63bf7102af2092ad3c8a28c3 [36m302[0m 2.383 ms - 72[0m
[0mGET /users/sign-in [32m200[0m 16.537 ms - 2286[0m
[0mGET / [32m200[0m 93.914 ms - 19361[0m
[0mGET /users/profile/63bf7102af2092ad3c8a28c3 [36m302[0m 3.347 ms - 72[0m
[0mGET /users/sign-in [32m200[0m 4.802 ms - 2286[0m
[0mPOST /users/create-session [36m302[0m 12.683 ms - 46[0m
[0mGET / [32m200[0m 63.350 ms - 31752[0m
[0mGET /users/profile/63bf71ceaf2092ad3c8a28c7 [32m200[0m 16.597 ms - 2548[0m
[0mGET / [32m200[0m 58.326 ms - 31432[0m
[0mGET /users/profile/63db010d8c388ff907c77b3e [32m200[0m 16.063 ms - 2543[0m
[0mGET /users/profile/63db010d8c388ff907c77b3e [32m200[0m 17.569 ms - 2543[0m
[0mGET /users/profile/63db010d8c388ff907c77b3e [32m200[0m 19.985 ms - 2543[0m
[0mGET /users/profile/63db010d8c388ff907c77b3e [32m200[0m 18.396 ms - 2543[0m
[0mGET /users/profile/63db010d8c388ff907c77b3e [32m200[0m 21.267 ms - 2543[0m
[0mGET /users/profile/63db010d8c388ff907c77b3e [32m200[0m 23.506 ms - 2543[0m
[0mGET / [32m200[0m 60.660 ms - 31432[0m
[0mGET / [32m200[0m 65.842 ms - 31432[0m
[0mGET / [32m200[0m 72.675 ms - 31490[0m
[0mGET /users/profile/63bf71ceaf2092ad3c8a28c7 [32m200[0m 18.914 ms - 2548[0m
[0mGET /users/profile/63bf71ceaf2092ad3c8a28c7 [32m200[0m 16.527 ms - 2548[0m
[0mGET /users/profile/63bf71ceaf2092ad3c8a28c7 [32m200[0m 17.729 ms - 2548[0m
[0mGET / [32m200[0m 55.124 ms - 31490[0m
[0mGET /users/profile/63db010d8c388ff907c77b3e [32m200[0m 16.694 ms - 2543[0m
[0mGET / [32m200[0m 65.800 ms - 31490[0m
[0mGET /users/profile/63bf7102af2092ad3c8a28c3 [32m200[0m 18.569 ms - 2681[0m
