::1 - - [25/Feb/2023:18:30:57 +0000] "GET / HTTP/1.1" 200 3099 "-" "Mozilla/5.0 (Windows NT 10.0; Win64; x64) AppleWebKit/537.36 (KHTML, like Gecko) Chrome/110.0.0.0 Safari/537.36"
::1 - - [25/Feb/2023:18:30:57 +0000] "GET /css/home.css HTTP/1.1" 404 151 "http://localhost:8000/" "Mozilla/5.0 (Windows NT 10.0; Win64; x64) AppleWebKit/537.36 (KHTML, like Gecko) Chrome/110.0.0.0 Safari/537.36"
::1 - - [25/Feb/2023:18:30:57 +0000] "GET /js/home_posts.js HTTP/1.1" 404 155 "http://localhost:8000/" "Mozilla/5.0 (Windows NT 10.0; Win64; x64) AppleWebKit/537.36 (KHTML, like Gecko) Chrome/110.0.0.0 Safari/537.36"
::1 - - [25/Feb/2023:18:30:57 +0000] "GET /css/chat_box.css HTTP/1.1" 404 155 "http://localhost:8000/" "Mozilla/5.0 (Windows NT 10.0; Win64; x64) AppleWebKit/537.36 (KHTML, like Gecko) Chrome/110.0.0.0 Safari/537.36"
::1 - - [25/Feb/2023:18:30:57 +0000] "GET /js/home_comments.js HTTP/1.1" 404 158 "http://localhost:8000/" "Mozilla/5.0 (Windows NT 10.0; Win64; x64) AppleWebKit/537.36 (KHTML, like Gecko) Chrome/110.0.0.0 Safari/537.36"
::1 - - [25/Feb/2023:18:30:57 +0000] "GET /js/toggle_likes.js HTTP/1.1" 404 157 "http://localhost:8000/" "Mozilla/5.0 (Windows NT 10.0; Win64; x64) AppleWebKit/537.36 (KHTML, like Gecko) Chrome/110.0.0.0 Safari/537.36"
::1 - - [25/Feb/2023:18:30:57 +0000] "GET /js/chat_engine.js HTTP/1.1" 404 156 "http://localhost:8000/" "Mozilla/5.0 (Windows NT 10.0; Win64; x64) AppleWebKit/537.36 (KHTML, like Gecko) Chrome/110.0.0.0 Safari/537.36"
::1 - - [25/Feb/2023:18:30:57 +0000] "GET /css/home.css HTTP/1.1" 404 151 "http://localhost:8000/" "Mozilla/5.0 (Windows NT 10.0; Win64; x64) AppleWebKit/537.36 (KHTML, like Gecko) Chrome/110.0.0.0 Safari/537.36"
::1 - - [25/Feb/2023:18:30:57 +0000] "GET /css/chat_box.css HTTP/1.1" 404 155 "http://localhost:8000/" "Mozilla/5.0 (Windows NT 10.0; Win64; x64) AppleWebKit/537.36 (KHTML, like Gecko) Chrome/110.0.0.0 Safari/537.36"
::1 - - [25/Feb/2023:18:31:24 +0000] "GET / HTTP/1.1" 200 3166 "-" "Mozilla/5.0 (Windows NT 10.0; Win64; x64) AppleWebKit/537.36 (KHTML, like Gecko) Chrome/110.0.0.0 Safari/537.36"
::1 - - [25/Feb/2023:18:31:30 +0000] "GET /users/profile/63f500abbf66a797e25a75ac HTTP/1.1" 302 72 "http://localhost:8000/" "Mozilla/5.0 (Windows NT 10.0; Win64; x64) AppleWebKit/537.36 (KHTML, like Gecko) Chrome/110.0.0.0 Safari/537.36"
::1 - - [25/Feb/2023:18:31:30 +0000] "GET /users/sign-in HTTP/1.1" 200 2116 "http://localhost:8000/" "Mozilla/5.0 (Windows NT 10.0; Win64; x64) AppleWebKit/537.36 (KHTML, like Gecko) Chrome/110.0.0.0 Safari/537.36"
::1 - - [25/Feb/2023:18:31:53 +0000] "POST /users/create-session HTTP/1.1" 302 46 "http://localhost:8000/users/sign-in" "Mozilla/5.0 (Windows NT 10.0; Win64; x64) AppleWebKit/537.36 (KHTML, like Gecko) Chrome/110.0.0.0 Safari/537.36"
::1 - - [25/Feb/2023:18:31:53 +0000] "GET / HTTP/1.1" 200 4517 "http://localhost:8000/users/sign-in" "Mozilla/5.0 (Windows NT 10.0; Win64; x64) AppleWebKit/537.36 (KHTML, like Gecko) Chrome/110.0.0.0 Safari/537.36"
::1 - - [25/Feb/2023:18:32:02 +0000] "GET /users/profile/63f500abbf66a797e25a75ac HTTP/1.1" 200 2596 "http://localhost:8000/" "Mozilla/5.0 (Windows NT 10.0; Win64; x64) AppleWebKit/537.36 (KHTML, like Gecko) Chrome/110.0.0.0 Safari/537.36"
::1 - - [25/Feb/2023:18:32:02 +0000] "GET /css/user_profile.css HTTP/1.1" 404 159 "http://localhost:8000/users/profile/63f500abbf66a797e25a75ac" "Mozilla/5.0 (Windows NT 10.0; Win64; x64) AppleWebKit/537.36 (KHTML, like Gecko) Chrome/110.0.0.0 Safari/537.36"
::1 - - [25/Feb/2023:18:32:02 +0000] "GET /css/user_profile.css HTTP/1.1" 404 159 "http://localhost:8000/users/profile/63f500abbf66a797e25a75ac" "Mozilla/5.0 (Windows NT 10.0; Win64; x64) AppleWebKit/537.36 (KHTML, like Gecko) Chrome/110.0.0.0 Safari/537.36"
::1 - - [25/Feb/2023:18:34:10 +0000] "GET /users/profile/63f500abbf66a797e25a75ac HTTP/1.1" 200 2607 "http://localhost:8000/" "Mozilla/5.0 (Windows NT 10.0; Win64; x64) AppleWebKit/537.36 (KHTML, like Gecko) Chrome/110.0.0.0 Safari/537.36"
::1 - - [25/Feb/2023:18:34:21 +0000] "GET / HTTP/1.1" 200 4197 "http://localhost:8000/users/profile/63f500abbf66a797e25a75ac" "Mozilla/5.0 (Windows NT 10.0; Win64; x64) AppleWebKit/537.36 (KHTML, like Gecko) Chrome/110.0.0.0 Safari/537.36"
::1 - - [25/Feb/2023:18:34:28 +0000] "GET /users/sign-out HTTP/1.1" 302 46 "http://localhost:8000/" "Mozilla/5.0 (Windows NT 10.0; Win64; x64) AppleWebKit/537.36 (KHTML, like Gecko) Chrome/110.0.0.0 Safari/537.36"
::1 - - [25/Feb/2023:18:34:28 +0000] "GET / HTTP/1.1" 200 3482 "http://localhost:8000/" "Mozilla/5.0 (Windows NT 10.0; Win64; x64) AppleWebKit/537.36 (KHTML, like Gecko) Chrome/110.0.0.0 Safari/537.36"
::1 - - [25/Feb/2023:18:34:32 +0000] "GET /users/sign-in HTTP/1.1" 304 - "http://localhost:8000/" "Mozilla/5.0 (Windows NT 10.0; Win64; x64) AppleWebKit/537.36 (KHTML, like Gecko) Chrome/110.0.0.0 Safari/537.36"
::1 - - [25/Feb/2023:18:34:34 +0000] "GET /users/sign-up HTTP/1.1" 200 2274 "http://localhost:8000/users/sign-in" "Mozilla/5.0 (Windows NT 10.0; Win64; x64) AppleWebKit/537.36 (KHTML, like Gecko) Chrome/110.0.0.0 Safari/537.36"
::1 - - [25/Feb/2023:18:35:47 +0000] "POST /users/create HTTP/1.1" 302 72 "http://localhost:8000/users/sign-up" "Mozilla/5.0 (Windows NT 10.0; Win64; x64) AppleWebKit/537.36 (KHTML, like Gecko) Chrome/110.0.0.0 Safari/537.36"
::1 - - [25/Feb/2023:18:35:47 +0000] "GET /users/sign-in HTTP/1.1" 200 2466 "http://localhost:8000/users/sign-up" "Mozilla/5.0 (Windows NT 10.0; Win64; x64) AppleWebKit/537.36 (KHTML, like Gecko) Chrome/110.0.0.0 Safari/537.36"
::1 - - [25/Feb/2023:18:35:52 +0000] "GET / HTTP/1.1" 200 3306 "http://localhost:8000/users/sign-in" "Mozilla/5.0 (Windows NT 10.0; Win64; x64) AppleWebKit/537.36 (KHTML, like Gecko) Chrome/110.0.0.0 Safari/537.36"
::1 - - [25/Feb/2023:18:35:55 +0000] "GET /users/profile/63f500abbf66a797e25a75ac HTTP/1.1" 302 72 "http://localhost:8000/" "Mozilla/5.0 (Windows NT 10.0; Win64; x64) AppleWebKit/537.36 (KHTML, like Gecko) Chrome/110.0.0.0 Safari/537.36"
::1 - - [25/Feb/2023:18:35:55 +0000] "GET /users/sign-in HTTP/1.1" 200 2116 "http://localhost:8000/" "Mozilla/5.0 (Windows NT 10.0; Win64; x64) AppleWebKit/537.36 (KHTML, like Gecko) Chrome/110.0.0.0 Safari/537.36"
::1 - - [25/Feb/2023:18:36:03 +0000] "POST /users/create-session HTTP/1.1" 302 46 "http://localhost:8000/users/sign-in" "Mozilla/5.0 (Windows NT 10.0; Win64; x64) AppleWebKit/537.36 (KHTML, like Gecko) Chrome/110.0.0.0 Safari/537.36"
::1 - - [25/Feb/2023:18:36:03 +0000] "GET / HTTP/1.1" 200 4657 "http://localhost:8000/users/sign-in" "Mozilla/5.0 (Windows NT 10.0; Win64; x64) AppleWebKit/537.36 (KHTML, like Gecko) Chrome/110.0.0.0 Safari/537.36"
::1 - - [25/Feb/2023:18:36:07 +0000] "GET /users/profile/63fa5502e5ac71d1a6d10f2a HTTP/1.1" 200 2516 "http://localhost:8000/" "Mozilla/5.0 (Windows NT 10.0; Win64; x64) AppleWebKit/537.36 (KHTML, like Gecko) Chrome/110.0.0.0 Safari/537.36"
::1 - - [25/Feb/2023:18:36:24 +0000] "GET /friendships/add/?id=63fa5502e5ac71d1a6d10f2a HTTP/1.1" 200 420 "http://localhost:8000/users/profile/63fa5502e5ac71d1a6d10f2a" "Mozilla/5.0 (Windows NT 10.0; Win64; x64) AppleWebKit/537.36 (KHTML, like Gecko) Chrome/110.0.0.0 Safari/537.36"
::1 - - [25/Feb/2023:18:36:29 +0000] "GET /users/profile HTTP/1.1" 404 152 "http://localhost:8000/users/profile/63fa5502e5ac71d1a6d10f2a" "Mozilla/5.0 (Windows NT 10.0; Win64; x64) AppleWebKit/537.36 (KHTML, like Gecko) Chrome/110.0.0.0 Safari/537.36"
::1 - - [25/Feb/2023:18:36:52 +0000] "GET / HTTP/1.1" 200 4592 "-" "Mozilla/5.0 (Windows NT 10.0; Win64; x64) AppleWebKit/537.36 (KHTML, like Gecko) Chrome/110.0.0.0 Safari/537.36"
[0mGET / [32m200[0m 1329.833 ms - 15899[0m
[0mGET /favicon.ico [33m404[0m 43.690 ms - 150[0m
[0mGET / [36m304[0m 157.848 ms - -[0m
[0mGET / [36m304[0m 249.902 ms - -[0m
[0mGET / [36m304[0m 75.189 ms - -[0m
[0mGET / [36m304[0m 67.401 ms - -[0m
[0mGET / [36m304[0m 62.565 ms - -[0m
[0mGET /users/sign-in [32m200[0m 367.812 ms - 2080[0m
[0mGET /users/css/layout.css [33m404[0m 6.936 ms - 159[0m
[0mGET /users/css/header.css [33m404[0m 70.802 ms - 159[0m
[0mGET /users/css/footer.css [33m404[0m 66.965 ms - 159[0m
[0mGET /users/css/header.css [33m404[0m 10.372 ms - 159[0m
[0mGET /users/css/layout.css [33m404[0m 10.802 ms - 159[0m
[0mGET /users/css/footer.css [33m404[0m 3.410 ms - 159[0m
[0mPOST /users/create-session [36m302[0m 24.666 ms - 46[0m
[0mGET / [32m200[0m 91.462 ms - 26123[0m
[0mGET / [32m200[0m 332.031 ms - 15899[0m
[0mGET /favicon.ico [33m404[0m 6.788 ms - 150[0m
[0mGET / [32m200[0m 58.690 ms - 15899[0m
[0mGET /users/sign-in [36m304[0m 28.300 ms - -[0m
[0mGET /users/css/layout.css [33m404[0m 6.929 ms - 159[0m
[0mGET /users/css/layout.css [33m404[0m 5.249 ms - 159[0m
[0mGET /users/css/header.css [33m404[0m 539.891 ms - 159[0m
[0mGET /users/css/footer.css [33m404[0m 541.846 ms - 159[0m
[0mGET /users/css/header.css [33m404[0m 6.436 ms - 159[0m
[0mGET /users/css/layout.css [33m404[0m 7.568 ms - 159[0m
[0mGET /users/css/footer.css [33m404[0m 12.768 ms - 159[0m
[0mGET /users/sign-up [32m200[0m 100.898 ms - 2238[0m
[0mGET /users/css/layout.css [33m404[0m 41.345 ms - 159[0m
[0mGET /users/css/header.css [33m404[0m 119.333 ms - 159[0m
[0mGET /users/css/footer.css [33m404[0m 158.902 ms - 159[0m
[0mGET /users/sign-in [36m304[0m 7.942 ms - -[0m
[0mGET /users/css/layout.css [33m404[0m 10.060 ms - 159[0m
[0mGET /users/css/header.css [33m404[0m 9.857 ms - 159[0m
[0mGET /users/css/footer.css [33m404[0m 10.646 ms - 159[0m
[0mGET /users/css/layout.css [33m404[0m 6.582 ms - 159[0m
[0mGET /users/css/header.css [33m404[0m 5.317 ms - 159[0m
[0mGET /users/css/footer.css [33m404[0m 6.046 ms - 159[0m
[0mGET /users/sign-in [32m200[0m 9.931 ms - 2739[0m
[0mGET /users/css/layout.css [33m404[0m 7.101 ms - 159[0m
[0mGET /users/css/header.css [33m404[0m 3.101 ms - 159[0m
[0mGET /users/css/footer.css [33m404[0m 4.349 ms - 159[0m
[0mGET /users/css/header.css [33m404[0m 6.787 ms - 159[0m
[0mGET /users/css/layout.css [33m404[0m 6.998 ms - 159[0m
[0mGET /users/css/footer.css [33m404[0m 4.074 ms - 159[0m
[0mGET /users/sign-in [32m200[0m 7.834 ms - 2086[0m
[0mGET /users/css/layout.css [33m404[0m 7.372 ms - 159[0m
[0mGET /users/css/header.css [33m404[0m 6.671 ms - 159[0m
[0mGET /users/css/footer.css [33m404[0m 7.133 ms - 159[0m
[0mGET /users/css/layout.css [33m404[0m 8.126 ms - 159[0m
[0mGET /users/css/header.css [33m404[0m 8.937 ms - 159[0m
[0mGET /users/css/footer.css [33m404[0m 20.116 ms - 159[0m
[0mGET /users/sign-in [36m304[0m 6.654 ms - -[0m
[0mGET /users/css/layout.css [33m404[0m 8.522 ms - 159[0m
[0mGET /users/css/footer.css [33m404[0m 9.117 ms - 159[0m
[0mGET /users/css/header.css [33m404[0m 11.137 ms - 159[0m
[0mGET /users/css/header.css [33m404[0m 7.721 ms - 159[0m
[0mGET /users/css/layout.css [33m404[0m 7.351 ms - 159[0m
[0mGET /users/css/footer.css [33m404[0m 9.205 ms - 159[0m
[0mGET /users/sign-in [36m304[0m 31.624 ms - -[0m
[0mGET /users/css/layout.css [33m404[0m 16.480 ms - 159[0m
[0mGET /users/css/header.css [33m404[0m 29.114 ms - 159[0m
[0mGET /users/css/footer.css [33m404[0m 34.618 ms - 159[0m
[0mGET /users/css/layout.css [33m404[0m 4.337 ms - 159[0m
[0mGET /users/css/header.css [33m404[0m 6.762 ms - 159[0m
[0mGET /users/css/footer.css [33m404[0m 8.676 ms - 159[0m
[0mGET /users/sign-in [36m304[0m 41.384 ms - -[0m
[0mGET /users/css/layout.css [33m404[0m 16.854 ms - 159[0m
[0mGET /users/css/header.css [33m404[0m 35.188 ms - 159[0m
[0mGET /users/css/footer.css [33m404[0m 38.733 ms - 159[0m
[0mGET /users/css/layout.css [33m404[0m 4.032 ms - 159[0m
[0mGET /users/css/header.css [33m404[0m 3.716 ms - 159[0m
[0mGET /users/css/footer.css [33m404[0m 3.833 ms - 159[0m
[0mGET /users/sign-in [36m304[0m 38.178 ms - -[0m
[0mGET /users/css/layout.css [33m404[0m 18.696 ms - 159[0m
[0mGET /users/css/header.css [33m404[0m 32.059 ms - 159[0m
[0mGET /users/css/footer.css [33m404[0m 35.828 ms - 159[0m
[0mGET /users/css/layout.css [33m404[0m 4.742 ms - 159[0m
[0mGET /users/css/footer.css [33m404[0m 5.772 ms - 159[0m
[0mGET /users/css/header.css [33m404[0m 16.402 ms - 159[0m
[0mGET /users/sign-in [32m200[0m 14.145 ms - 2087[0m
[0mGET /users/css/layout.css [33m404[0m 15.451 ms - 159[0m
[0mGET /users/css/footer.css [33m404[0m 16.179 ms - 159[0m
[0mGET /users/css/footer.css [33m404[0m 8.678 ms - 159[0m
[0mGET /users/css/layout.css [33m404[0m 7.757 ms - 159[0m
[0mGET /users/sign-in [32m200[0m 11.331 ms - 2089[0m
[0mGET /css/header.css [33m404[0m 3.690 ms - 153[0m
[0mGET /css/header.css [33m404[0m 3.734 ms - 153[0m
[0mGET /users/sign-in [36m304[0m 9.758 ms - -[0m
[0mGET /css/layout.css [33m404[0m 5.163 ms - 153[0m
[0mGET /css/footer.css [33m404[0m 3.523 ms - 153[0m
[0mGET /css/header.css [33m404[0m 3.612 ms - 153[0m
[0mGET /css/footer.css [33m404[0m 7.081 ms - 153[0m
[0mGET /css/header.css [33m404[0m 4.946 ms - 153[0m
[0mGET /css/layout.css [33m404[0m 4.540 ms - 153[0m
[0mGET /users/sign-in [36m304[0m 8.106 ms - -[0m
[0mGET /css/layout.css [33m404[0m 8.635 ms - 153[0m
[0mGET /css/header.css [33m404[0m 6.812 ms - 153[0m
[0mGET /css/footer.css [33m404[0m 3.609 ms - 153[0m
[0mGET /css/layout.css [33m404[0m 9.346 ms - 153[0m
[0mGET /css/header.css [33m404[0m 10.454 ms - 153[0m
[0mGET /css/footer.css [33m404[0m 3.765 ms - 153[0m
[0mGET /users/sign-in [32m200[0m 9.537 ms - 2092[0m
[0mGET /users/'/'+css/header.css [33m404[0m 4.175 ms - 171[0m
[0mGET /css/layout.css [33m404[0m 6.972 ms - 153[0m
[0mGET /css/footer.css [33m404[0m 8.396 ms - 153[0m
[0mGET /users/'/'+css/header.css [33m404[0m 3.912 ms - 171[0m
[0mGET /css/layout.css [33m404[0m 4.229 ms - 153[0m
[0mGET /css/footer.css [33m404[0m 4.196 ms - 153[0m
[0mGET /users/sign-in [32m200[0m 9.802 ms - 2092[0m
[0mGET /css/layout.css [33m404[0m 4.903 ms - 153[0m
[0mGET /css/footer.css [33m404[0m 4.352 ms - 153[0m
[0mGET / [32m200[0m 650.166 ms - 15905[0m
[0mGET /users/sign-in [36m304[0m 8.990 ms - -[0m
[0mGET /css/layout.css [33m404[0m 15.249 ms - 153[0m
[0mGET /css/footer.css [33m404[0m 28.488 ms - 153[0m
[0mGET / [36m304[0m 79.383 ms - -[0m
[0mGET /css/layout.css [33m404[0m 4.951 ms - 153[0m
[0mGET /css/footer.css [33m404[0m 4.792 ms - 153[0m
[0mGET /users/sign-in [32m200[0m 9.069 ms - 2099[0m
[0mGET / [32m200[0m 132.295 ms - 15912[0m
[0mGET /users/sign-in [32m200[0m 8.230 ms - 2097[0m
[0mGET / [32m200[0m 85.562 ms - 15910[0m
[0mGET /users/sign-in [32m200[0m 7.776 ms - 2085[0m
[0mGET /users/css/layout.css [33m404[0m 10.580 ms - 159[0m
[0mGET /users/css/footer.css [33m404[0m 10.095 ms - 159[0m
[0mGET /users/css/header.css [33m404[0m 8.930 ms - 159[0m
[0mGET /users/css/layout.css [33m404[0m 5.865 ms - 159[0m
[0mGET /users/css/footer.css [33m404[0m 8.955 ms - 159[0m
[0mGET /users/css/header.css [33m404[0m 9.265 ms - 159[0m
[0mGET /users/sign-in [36m304[0m 9.572 ms - -[0m
[0mGET /users/css/layout.css [33m404[0m 6.736 ms - 159[0m
[0mGET /users/css/footer.css [33m404[0m 10.217 ms - 159[0m
[0mGET /users/css/header.css [33m404[0m 10.436 ms - 159[0m
[0mGET /users/css/layout.css [33m404[0m 11.231 ms - 159[0m
[0mGET /users/css/footer.css [33m404[0m 6.302 ms - 159[0m
[0mGET /users/css/header.css [33m404[0m 15.020 ms - 159[0m
[0mGET /users/sign-in [32m200[0m 36.459 ms - 2088[0m
[0mGET /users/sign-in [36m304[0m 12.076 ms - -[0m
[0mGET /css/layout.css [33m404[0m 8.835 ms - 153[0m
[0mGET /css/header.css [33m404[0m 53.712 ms - 153[0m
[0mGET /css/footer.css [33m404[0m 46.774 ms - 153[0m
[0mGET /css/footer.css [33m404[0m 7.065 ms - 153[0m
[0mGET /css/layout.css [33m404[0m 10.678 ms - 153[0m
[0mGET /css/header.css [33m404[0m 15.199 ms - 153[0m
[0mGET /users/sign-in [36m304[0m 361.707 ms - -[0m
[0mGET /css/layout.css [33m404[0m 8.208 ms - 153[0m
[0mGET /css/header.css [33m404[0m 42.694 ms - 153[0m
[0mGET /css/footer.css [33m404[0m 36.108 ms - 153[0m
[0mGET /css/header.css [33m404[0m 9.126 ms - 153[0m
[0mGET /css/footer.css [33m404[0m 10.743 ms - 153[0m
[0mGET /css/layout.css [33m404[0m 12.124 ms - 153[0m
[0mGET /users/sign-in [32m200[0m 11.272 ms - 2104[0m
[0mGET /css/layout.css [33m404[0m 6.498 ms - 153[0m
[0mGET /css/header.css [33m404[0m 7.437 ms - 153[0m
[0mGET /css/footer.css [33m404[0m 12.761 ms - 153[0m
[0mGET /css/layout.css [33m404[0m 3.599 ms - 153[0m
[0mGET /css/header.css [33m404[0m 6.115 ms - 153[0m
[0mGET /css/footer.css [33m404[0m 12.221 ms - 153[0m
[0mGET /users/sign-in [36m304[0m 8.981 ms - -[0m
[0mGET /css/header.css [33m404[0m 6.724 ms - 153[0m
[0mGET /css/footer.css [33m404[0m 3.416 ms - 153[0m
[0mGET /css/layout.css [33m404[0m 3.054 ms - 153[0m
[0mGET /css/layout.css [33m404[0m 3.606 ms - 153[0m
[0mGET /css/footer.css [33m404[0m 4.086 ms - 153[0m
[0mGET /css/header.css [33m404[0m 5.084 ms - 153[0m
[0mGET / [32m200[0m 137.688 ms - 15923[0m
[0mGET /css/layout.css [33m404[0m 4.544 ms - 153[0m
[0mGET /css/header.css [33m404[0m 4.787 ms - 153[0m
[0mGET /css/footer.css [33m404[0m 4.972 ms - 153[0m
[0mGET /js/home_comments.js [33m404[0m 14.184 ms - 158[0m
[0mGET /js/home_posts.js [33m404[0m 13.805 ms - 155[0m
[0mGET /js/chat_engine.js [33m404[0m 13.945 ms - 156[0m
[0mGET /js/toggle_likes.js [33m404[0m 90.611 ms - 157[0m
[0mGET /css/layout.css [33m404[0m 20.327 ms - 153[0m
[0mGET /css/header.css [33m404[0m 6.082 ms - 153[0m
[0mGET /css/footer.css [33m404[0m 13.310 ms - 153[0m
[0mGET / [32m200[0m 84.385 ms - 15907[0m
[0mGET /js/home_comments.js [33m404[0m 7.733 ms - 158[0m
[0mGET /js/home_posts.js [33m404[0m 9.303 ms - 155[0m
[0mGET /css/footer.css [33m404[0m 15.864 ms - 153[0m
[0mGET /css/home.css [33m404[0m 14.759 ms - 151[0m
[0mGET /css/layout.css [33m404[0m 33.573 ms - 153[0m
[0mGET /css/header.css [33m404[0m 15.258 ms - 153[0m
[0mGET /js/toggle_likes.js [33m404[0m 11.639 ms - 157[0m
[0mGET /css/chat_box.css [33m404[0m 53.833 ms - 155[0m
[0mGET /js/chat_engine.js [33m404[0m 57.542 ms - 156[0m
[0mGET /css/layout.css [33m404[0m 8.750 ms - 153[0m
[0mGET /css/home.css [33m404[0m 12.013 ms - 151[0m
[0mGET /css/footer.css [33m404[0m 12.234 ms - 153[0m
[0mGET /css/header.css [33m404[0m 10.879 ms - 153[0m
[0mGET /css/chat_box.css [33m404[0m 13.571 ms - 155[0m
[0mGET / [36m304[0m 394.606 ms - -[0m
[0mGET /js/home_comments.js [33m404[0m 4.559 ms - 158[0m
[0mGET /css/layout.css [33m404[0m 18.950 ms - 153[0m
[0mGET /css/header.css [33m404[0m 17.412 ms - 153[0m
[0mGET /css/chat_box.css [33m404[0m 17.800 ms - 155[0m
[0mGET /css/footer.css [33m404[0m 17.787 ms - 153[0m
[0mGET /css/home.css [33m404[0m 23.178 ms - 151[0m
[0mGET /js/home_posts.js [33m404[0m 27.178 ms - 155[0m
[0mGET /js/toggle_likes.js [33m404[0m 11.741 ms - 157[0m
[0mGET /js/chat_engine.js [33m404[0m 11.818 ms - 156[0m
[0mGET /css/layout.css [33m404[0m 17.876 ms - 153[0m
[0mGET /css/header.css [33m404[0m 18.690 ms - 153[0m
[0mGET /css/home.css [33m404[0m 15.815 ms - 151[0m
[0mGET /css/footer.css [33m404[0m 10.916 ms - 153[0m
[0mGET /css/chat_box.css [33m404[0m 11.439 ms - 155[0m
[0mGET / [32m200[0m 64.385 ms - 15905[0m
[0mGET /js/toggle_likes.js [33m404[0m 8.462 ms - 157[0m
[0mGET /css/header.css [33m404[0m 23.775 ms - 153[0m
[0mGET /css/layout.css [33m404[0m 15.288 ms - 153[0m
[0mGET /css/footer.css [33m404[0m 24.861 ms - 153[0m
[0mGET /css/home.css [33m404[0m 42.811 ms - 151[0m
[0mGET /css/chat_box.css [33m404[0m 39.621 ms - 155[0m
[0mGET /js/home_comments.js [33m404[0m 19.105 ms - 158[0m
[0mGET /js/home_posts.js [33m404[0m 19.766 ms - 155[0m
[0mGET /js/chat_engine.js [33m404[0m 16.231 ms - 156[0m
[0mGET /css/header.css [33m404[0m 21.553 ms - 153[0m
[0mGET /css/layout.css [33m404[0m 27.179 ms - 153[0m
[0mGET /css/footer.css [33m404[0m 31.654 ms - 153[0m
[0mGET /css/chat_box.css [33m404[0m 4.026 ms - 155[0m
[0mGET /css/home.css [33m404[0m 5.696 ms - 151[0m
[0mGET / [36m304[0m 71.538 ms - -[0m
[0mGET /css/header.css [33m404[0m 3.851 ms - 153[0m
[0mGET /css/layout.css [33m404[0m 4.654 ms - 153[0m
[0mGET /css/footer.css [33m404[0m 6.227 ms - 153[0m
[0mGET /css/home.css [33m404[0m 3.426 ms - 151[0m
[0mGET /css/chat_box.css [33m404[0m 8.712 ms - 155[0m
[0mGET /js/home_comments.js [33m404[0m 56.717 ms - 158[0m
[0mGET /js/home_posts.js [33m404[0m 35.352 ms - 155[0m
[0mGET /js/chat_engine.js [33m404[0m 36.951 ms - 156[0m
[0mGET /js/toggle_likes.js [33m404[0m 37.447 ms - 157[0m
[0mGET /css/header.css [33m404[0m 16.019 ms - 153[0m
[0mGET /css/layout.css [33m404[0m 10.092 ms - 153[0m
[0mGET /css/footer.css [33m404[0m 21.044 ms - 153[0m
[0mGET /css/home.css [33m404[0m 70.848 ms - 151[0m
[0mGET /css/chat_box.css [33m404[0m 33.319 ms - 155[0m
[0mGET / [32m200[0m 131.675 ms - 15907[0m
[0mGET /js/home_comments.js [33m404[0m 9.403 ms - 158[0m
[0mGET /js/home_posts.js [33m404[0m 6.447 ms - 155[0m
[0mGET /js/toggle_likes.js [33m404[0m 8.258 ms - 157[0m
[0mGET /js/chat_engine.js [33m404[0m 12.318 ms - 156[0m
[0mGET /users/sign-in [32m200[0m 13.666 ms - 2088[0m
[0mGET /css/header.css [33m404[0m 9.488 ms - 153[0m
[0mGET /css/footer.css [33m404[0m 10.855 ms - 153[0m
[0mGET /css/layout.css [33m404[0m 6.373 ms - 153[0m
[0mGET /css/layout.css [33m404[0m 3.489 ms - 153[0m
[0mGET /css/header.css [33m404[0m 8.062 ms - 153[0m
[0mGET /css/footer.css [33m404[0m 8.115 ms - 153[0m
[0mGET /css/layout.css [33m404[0m 8.918 ms - 153[0m
[0mGET /css/footer.css [33m404[0m 4.391 ms - 153[0m
[0mGET /css/header.css [33m404[0m 15.662 ms - 153[0m
[0mGET /users/sign-in [36m304[0m 80.943 ms - -[0m
[0mGET /css/layout.css [33m404[0m 5.584 ms - 153[0m
[0mGET /css/header.css [33m404[0m 10.444 ms - 153[0m
[0mGET /css/footer.css [33m404[0m 10.543 ms - 153[0m
[0mGET /css/layout.css [33m404[0m 4.085 ms - 153[0m
[0mGET /css/header.css [33m404[0m 4.287 ms - 153[0m
[0mGET /css/footer.css [33m404[0m 5.465 ms - 153[0m
[0mGET / [32m200[0m 167.046 ms - 15898[0m
[0mGET /js/home_comments.js [33m404[0m 6.601 ms - 158[0m
[0mGET /js/chat_engine.js [33m404[0m 4.267 ms - 156[0m
[0mGET /js/toggle_likes.js [33m404[0m 39.180 ms - 157[0m
[0mGET /js/home_posts.js [33m404[0m 4.618 ms - 155[0m
[0mGET / [36m304[0m 64.059 ms - -[0m
[0mGET /js/home_posts.js [33m404[0m 3.696 ms - 155[0m
[0mGET /css/layout.css [33m404[0m 5.607 ms - 153[0m
[0mGET /css/footer.css [33m404[0m 25.768 ms - 153[0m
[0mGET /css/chat_box.css [33m404[0m 20.887 ms - 155[0m
[0mGET /css/header.css [33m404[0m 43.898 ms - 153[0m
[0mGET /js/home_comments.js [33m404[0m 25.386 ms - 158[0m
[0mGET /css/home.css [33m404[0m 49.764 ms - 151[0m
[0mGET /js/chat_engine.js [33m404[0m 48.180 ms - 156[0m
[0mGET /js/toggle_likes.js [33m404[0m 6.515 ms - 157[0m
[0mGET /css/chat_box.css [33m404[0m 26.362 ms - 155[0m
[0mGET /css/footer.css [33m404[0m 11.191 ms - 153[0m
[0mGET /css/header.css [33m404[0m 19.033 ms - 153[0m
[0mGET /css/layout.css [33m404[0m 25.941 ms - 153[0m
[0mGET / [36m304[0m 60.294 ms - -[0m
[0mGET /css/layout.css [33m404[0m 3.414 ms - 153[0m
[0mGET /css/header.css [33m404[0m 3.980 ms - 153[0m
[0mGET /css/footer.css [33m404[0m 6.237 ms - 153[0m
[0mGET /js/home_posts.js [33m404[0m 10.442 ms - 155[0m
[0mGET /js/toggle_likes.js [33m404[0m 32.562 ms - 157[0m
[0mGET /js/chat_engine.js [33m404[0m 21.758 ms - 156[0m
[0mGET /js/home_comments.js [33m404[0m 34.408 ms - 158[0m
[0mGET /css/home.css [33m404[0m 23.804 ms - 151[0m
[0mGET /css/chat_box.css [33m404[0m 25.083 ms - 155[0m
[0mGET /css/layout.css [33m404[0m 3.918 ms - 153[0m
[0mGET /css/header.css [33m404[0m 4.199 ms - 153[0m
[0mGET /css/footer.css [33m404[0m 6.679 ms - 153[0m
[0mGET /css/chat_box.css [33m404[0m 4.720 ms - 155[0m
[0mGET /css/home.css [33m404[0m 16.519 ms - 151[0m
[0mGET / [36m304[0m 51.482 ms - -[0m
[0mGET /css/layout.css [33m404[0m 8.701 ms - 153[0m
[0mGET /css/header.css [33m404[0m 12.858 ms - 153[0m
[0mGET /css/footer.css [33m404[0m 6.076 ms - 153[0m
[0mGET /js/toggle_likes.js [33m404[0m 16.235 ms - 157[0m
[0mGET /js/home_posts.js [33m404[0m 46.784 ms - 155[0m
[0mGET /js/home_comments.js [33m404[0m 53.790 ms - 158[0m
[0mGET /js/chat_engine.js [33m404[0m 31.496 ms - 156[0m
[0mGET /css/home.css [33m404[0m 16.117 ms - 151[0m
[0mGET /css/chat_box.css [33m404[0m 19.782 ms - 155[0m
[0mGET /css/layout.css [33m404[0m 15.800 ms - 153[0m
[0mGET /css/header.css [33m404[0m 16.578 ms - 153[0m
[0mGET /css/footer.css [33m404[0m 14.216 ms - 153[0m
[0mGET / [36m304[0m 195.217 ms - -[0m
[0mGET /js/home_comments.js [33m404[0m 11.650 ms - 158[0m
[0mGET /js/home_posts.js [33m404[0m 18.680 ms - 155[0m
[0mGET /css/home.css [33m404[0m 14.761 ms - 151[0m
[0mGET /css/header.css [33m404[0m 14.090 ms - 153[0m
[0mGET /css/layout.css [33m404[0m 17.114 ms - 153[0m
[0mGET /css/chat_box.css [33m404[0m 19.453 ms - 155[0m
[0mGET /js/chat_engine.js [33m404[0m 6.042 ms - 156[0m
[0mGET /css/footer.css [33m404[0m 20.620 ms - 153[0m
[0mGET /js/toggle_likes.js [33m404[0m 14.493 ms - 157[0m
[0mGET /css/header.css [33m404[0m 7.863 ms - 153[0m
[0mGET /css/layout.css [33m404[0m 5.553 ms - 153[0m
[0mGET /css/chat_box.css [33m404[0m 3.900 ms - 155[0m
[0mGET /css/footer.css [33m404[0m 30.454 ms - 153[0m
[0mGET /css/home.css [33m404[0m 24.187 ms - 151[0m
[0mGET / [36m304[0m 66.947 ms - -[0m
[0mGET /css/home.css [33m404[0m 8.621 ms - 151[0m
[0mGET /js/toggle_likes.js [33m404[0m 3.076 ms - 157[0m
[0mGET /css/layout.css [33m404[0m 3.604 ms - 153[0m
[0mGET /css/footer.css [33m404[0m 6.155 ms - 153[0m
[0mGET /js/home_posts.js [33m404[0m 9.088 ms - 155[0m
[0mGET /js/chat_engine.js [33m404[0m 23.237 ms - 156[0m
[0mGET /css/chat_box.css [33m404[0m 84.906 ms - 155[0m
[0mGET /css/header.css [33m404[0m 94.998 ms - 153[0m
[0mGET /js/home_comments.js [33m404[0m 98.282 ms - 158[0m
[0mGET /css/layout.css [33m404[0m 11.112 ms - 153[0m
[0mGET /css/footer.css [33m404[0m 12.516 ms - 153[0m
[0mGET /css/home.css [33m404[0m 10.141 ms - 151[0m
[0mGET / [36m304[0m 161.725 ms - -[0m
[0mGET /css/layout.css [33m404[0m 4.945 ms - 153[0m
[0mGET /css/header.css [33m404[0m 5.271 ms - 153[0m
[0mGET /css/footer.css [33m404[0m 5.197 ms - 153[0m
[0mGET /js/home_comments.js [33m404[0m 4.261 ms - 158[0m
[0mGET /css/chat_box.css [33m404[0m 10.260 ms - 155[0m
[0mGET /css/home.css [33m404[0m 19.341 ms - 151[0m
[0mGET /js/home_posts.js [33m404[0m 12.478 ms - 155[0m
[0mGET /js/toggle_likes.js [33m404[0m 11.059 ms - 157[0m
[0mGET /js/chat_engine.js [33m404[0m 5.371 ms - 156[0m
[0mGET /css/layout.css [33m404[0m 8.482 ms - 153[0m
[0mGET /css/chat_box.css [33m404[0m 15.231 ms - 155[0m
[0mGET /css/home.css [33m404[0m 13.669 ms - 151[0m
[0mGET /css/header.css [33m404[0m 11.696 ms - 153[0m
[0mGET /css/footer.css [33m404[0m 6.682 ms - 153[0m
[0mGET / [36m304[0m 103.125 ms - -[0m
[0mGET /css/layout.css [33m404[0m 58.452 ms - 153[0m
[0mGET /js/home_posts.js [33m404[0m 76.487 ms - 155[0m
[0mGET /css/footer.css [33m404[0m 96.116 ms - 153[0m
[0mGET /css/home.css [33m404[0m 67.971 ms - 151[0m
[0mGET /css/header.css [33m404[0m 95.191 ms - 153[0m
[0mGET /css/chat_box.css [33m404[0m 89.821 ms - 155[0m
[0mGET /js/toggle_likes.js [33m404[0m 14.056 ms - 157[0m
[0mGET /js/chat_engine.js [33m404[0m 12.197 ms - 156[0m
[0mGET /js/home_comments.js [33m404[0m 15.901 ms - 158[0m
[0mGET /css/header.css [33m404[0m 13.308 ms - 153[0m
[0mGET /css/layout.css [33m404[0m 8.352 ms - 153[0m
[0mGET /css/footer.css [33m404[0m 13.290 ms - 153[0m
[0mGET /css/home.css [33m404[0m 6.582 ms - 151[0m
[0mGET /css/chat_box.css [33m404[0m 8.208 ms - 155[0m
[0mGET / [36m304[0m 57.714 ms - -[0m
[0mGET /css/layout.css [33m404[0m 6.751 ms - 153[0m
[0mGET /css/header.css [33m404[0m 9.837 ms - 153[0m
[0mGET /css/footer.css [33m404[0m 4.378 ms - 153[0m
[0mGET /css/chat_box.css [33m404[0m 7.716 ms - 155[0m
[0mGET /js/home_comments.js [33m404[0m 11.742 ms - 158[0m
[0mGET /css/home.css [33m404[0m 32.194 ms - 151[0m
[0mGET /js/home_posts.js [33m404[0m 15.680 ms - 155[0m
[0mGET /js/toggle_likes.js [33m404[0m 9.971 ms - 157[0m
[0mGET /js/chat_engine.js [33m404[0m 13.162 ms - 156[0m
[0mGET /css/layout.css [33m404[0m 12.939 ms - 153[0m
[0mGET /css/header.css [33m404[0m 19.946 ms - 153[0m
[0mGET /css/footer.css [33m404[0m 20.722 ms - 153[0m
[0mGET /css/home.css [33m404[0m 20.112 ms - 151[0m
[0mGET /css/chat_box.css [33m404[0m 7.505 ms - 155[0m
[0mGET / [36m304[0m 120.319 ms - -[0m
[0mGET /js/home_comments.js [33m404[0m 23.324 ms - 158[0m
[0mGET /js/home_posts.js [33m404[0m 34.582 ms - 155[0m
[0mGET /js/toggle_likes.js [33m404[0m 31.527 ms - 157[0m
[0mGET /js/chat_engine.js [33m404[0m 17.721 ms - 156[0m
[0mGET /js/home_comments.js [33m404[0m 4.321 ms - 158[0m
[0mGET / [36m304[0m 117.695 ms - -[0m
[0mGET /js/home_posts.js [33m404[0m 17.411 ms - 155[0m
[0mGET /js/chat_engine.js [33m404[0m 5.861 ms - 156[0m
[0mGET /js/toggle_likes.js [33m404[0m 37.870 ms - 157[0m
[0mGET /js/home_comments.js [33m404[0m 25.357 ms - 158[0m
[0mGET /css/layout.css [33m404[0m 12.145 ms - 153[0m
[0mGET /css/header.css [33m404[0m 12.062 ms - 153[0m
[0mGET /css/footer.css [33m404[0m 10.475 ms - 153[0m
[0mGET /css/home.css [33m404[0m 16.207 ms - 151[0m
[0mGET /css/chat_box.css [33m404[0m 17.463 ms - 155[0m
[0mGET / [36m304[0m 88.825 ms - -[0m
[0mGET /css/layout.css [33m404[0m 3.516 ms - 153[0m
[0mGET /css/header.css [33m404[0m 5.689 ms - 153[0m
[0mGET /css/footer.css [33m404[0m 7.273 ms - 153[0m
[0mGET /css/home.css [33m404[0m 4.551 ms - 151[0m
[0mGET /css/chat_box.css [33m404[0m 5.698 ms - 155[0m
[0mGET /js/home_comments.js [33m404[0m 4.704 ms - 158[0m
[0mGET /js/home_posts.js [33m404[0m 4.000 ms - 155[0m
[0mGET /js/toggle_likes.js [33m404[0m 3.074 ms - 157[0m
[0mGET /js/chat_engine.js [33m404[0m 4.163 ms - 156[0m
[0mGET /css/layout.css [33m404[0m 5.415 ms - 153[0m
[0mGET /css/header.css [33m404[0m 6.365 ms - 153[0m
[0mGET /css/footer.css [33m404[0m 6.278 ms - 153[0m
[0mGET /css/chat_box.css [33m404[0m 4.402 ms - 155[0m
[0mGET /css/home.css [33m404[0m 5.828 ms - 151[0m
[0mGET / [36m304[0m 65.290 ms - -[0m
[0mGET /js/home_comments.js [33m404[0m 5.550 ms - 158[0m
[0mGET /js/home_posts.js [33m404[0m 31.505 ms - 155[0m
[0mGET /css/header.css [33m404[0m 19.084 ms - 153[0m
[0mGET /css/layout.css [33m404[0m 41.820 ms - 153[0m
[0mGET /css/footer.css [33m404[0m 44.326 ms - 153[0m
[0mGET /css/chat_box.css [33m404[0m 20.750 ms - 155[0m
[0mGET /css/home.css [33m404[0m 47.410 ms - 151[0m
[0mGET /js/toggle_likes.js [33m404[0m 5.800 ms - 157[0m
[0mGET /js/chat_engine.js [33m404[0m 6.668 ms - 156[0m
[0mGET /css/home.css [33m404[0m 9.928 ms - 151[0m
[0mGET /css/header.css [33m404[0m 10.053 ms - 153[0m
[0mGET /css/layout.css [33m404[0m 10.120 ms - 153[0m
[0mGET /css/footer.css [33m404[0m 10.453 ms - 153[0m
[0mGET /css/chat_box.css [33m404[0m 25.699 ms - 155[0m
[0mGET / [32m200[0m 49.174 ms - 15898[0m
[0mGET /js/home_comments.js [33m404[0m 9.181 ms - 158[0m
[0mGET /css/layout.css [33m404[0m 8.360 ms - 153[0m
[0mGET /css/header.css [33m404[0m 9.581 ms - 153[0m
[0mGET /css/footer.css [33m404[0m 2.815 ms - 153[0m
[0mGET /css/home.css [33m404[0m 4.291 ms - 151[0m
[0mGET /css/chat_box.css [33m404[0m 8.873 ms - 155[0m
[0mGET /js/toggle_likes.js [33m404[0m 14.347 ms - 157[0m
[0mGET /js/home_posts.js [33m404[0m 19.419 ms - 155[0m
[0mGET /js/chat_engine.js [33m404[0m 13.000 ms - 156[0m
[0mGET /css/layout.css [33m404[0m 4.871 ms - 153[0m
[0mGET /css/header.css [33m404[0m 10.007 ms - 153[0m
[0mGET /css/footer.css [33m404[0m 10.746 ms - 153[0m
[0mGET /css/home.css [33m404[0m 14.849 ms - 151[0m
[0mGET /css/chat_box.css [33m404[0m 14.570 ms - 155[0m
[0mGET / [36m304[0m 79.038 ms - -[0m
[0mGET /css/layout.css [33m404[0m 3.442 ms - 153[0m
[0mGET /css/header.css [33m404[0m 5.338 ms - 153[0m
[0mGET /css/footer.css [33m404[0m 5.977 ms - 153[0m
[0mGET /css/home.css [33m404[0m 4.532 ms - 151[0m
[0mGET /css/chat_box.css [33m404[0m 4.886 ms - 155[0m
[0mGET /js/home_comments.js [33m404[0m 3.660 ms - 158[0m
[0mGET /js/home_posts.js [33m404[0m 5.532 ms - 155[0m
[0mGET /js/toggle_likes.js [33m404[0m 2.852 ms - 157[0m
[0mGET /js/chat_engine.js [33m404[0m 2.493 ms - 156[0m
[0mGET /css/layout.css [33m404[0m 4.375 ms - 153[0m
[0mGET /css/footer.css [33m404[0m 8.696 ms - 153[0m
[0mGET /css/header.css [33m404[0m 9.359 ms - 153[0m
[0mGET /css/chat_box.css [33m404[0m 4.774 ms - 155[0m
[0mGET /css/home.css [33m404[0m 5.002 ms - 151[0m
[0mGET /css/home.css [33m404[0m 12.104 ms - 151[0m
[0mGET /css/layout.css [33m404[0m 8.107 ms - 153[0m
[0mGET /css/header.css [33m404[0m 4.315 ms - 153[0m
[0mGET /css/chat_box.css [33m404[0m 11.310 ms - 155[0m
[0mGET /css/footer.css [33m404[0m 10.402 ms - 153[0m
[0mGET / [36m304[0m 59.970 ms - -[0m
[0mGET /css/layout.css [33m404[0m 3.421 ms - 153[0m
[0mGET /css/header.css [33m404[0m 3.272 ms - 153[0m
[0mGET /css/footer.css [33m404[0m 4.948 ms - 153[0m
[0mGET /css/home.css [33m404[0m 4.589 ms - 151[0m
[0mGET /css/chat_box.css [33m404[0m 3.155 ms - 155[0m
[0mGET /js/home_comments.js [33m404[0m 4.594 ms - 158[0m
[0mGET /js/home_posts.js [33m404[0m 3.842 ms - 155[0m
[0mGET /js/toggle_likes.js [33m404[0m 3.010 ms - 157[0m
[0mGET /js/chat_engine.js [33m404[0m 2.906 ms - 156[0m
[0mGET /css/layout.css [33m404[0m 7.159 ms - 153[0m
[0mGET /css/header.css [33m404[0m 8.552 ms - 153[0m
[0mGET /css/footer.css [33m404[0m 7.382 ms - 153[0m
[0mGET /css/home.css [33m404[0m 4.912 ms - 151[0m
[0mGET /css/chat_box.css [33m404[0m 8.120 ms - 155[0m
[0mGET /css/layout.css [33m404[0m 16.441 ms - 153[0m
[0mGET /css/header.css [33m404[0m 13.716 ms - 153[0m
[0mGET /css/footer.css [33m404[0m 16.257 ms - 153[0m
[0mGET /css/home.css [33m404[0m 16.406 ms - 151[0m
[0mGET /css/chat_box.css [33m404[0m 16.746 ms - 155[0m
[0mGET / [32m200[0m 59.144 ms - 15949[0m
[0mGET /js/home_comments.js [33m404[0m 18.660 ms - 158[0m
[0mGET /js/home_posts.js [33m404[0m 19.468 ms - 155[0m
[0mGET /js/toggle_likes.js [33m404[0m 29.553 ms - 157[0m
[0mGET /js/chat_engine.js [33m404[0m 37.167 ms - 156[0m
[0mGET /css/chat_box.css [33m404[0m 27.572 ms - 155[0m
[0mGET /css/home.css [33m404[0m 26.953 ms - 151[0m
[0mGET /css/home.css [33m404[0m 4.914 ms - 151[0m
[0mGET /css/chat_box.css [33m404[0m 11.407 ms - 155[0m
[0mGET / [32m200[0m 45.988 ms - 15949[0m
[0mGET /js/home_posts.js [33m404[0m 12.698 ms - 155[0m
[0mGET /js/toggle_likes.js [33m404[0m 12.958 ms - 157[0m
[0mGET /js/chat_engine.js [33m404[0m 12.735 ms - 156[0m
[0mGET /js/home_comments.js [33m404[0m 15.028 ms - 158[0m
[0mGET /css/chat_box.css [33m404[0m 8.159 ms - 155[0m
[0mGET /css/home.css [33m404[0m 7.462 ms - 151[0m
[0mGET /css/home.css [33m404[0m 3.966 ms - 151[0m
[0mGET /css/chat_box.css [33m404[0m 4.474 ms - 155[0m
[0mGET /css/home.css [33m404[0m 2.967 ms - 151[0m
[0mGET / [32m200[0m 93.537 ms - 15949[0m
[0mGET /css/home.css [33m404[0m 26.651 ms - 151[0m
[0mGET /js/home_posts.js [33m404[0m 25.649 ms - 155[0m
[0mGET /css/chat_box.css [33m404[0m 67.554 ms - 155[0m
[0mGET /js/chat_engine.js [33m404[0m 50.209 ms - 156[0m
[0mGET /js/home_comments.js [33m404[0m 81.802 ms - 158[0m
[0mGET /js/toggle_likes.js [33m404[0m 36.622 ms - 157[0m
[0mGET /css/home.css [33m404[0m 6.479 ms - 151[0m
[0mGET /css/chat_box.css [33m404[0m 9.251 ms - 155[0m
[0mGET / [32m200[0m 85.170 ms - 15949[0m
[0mGET /js/home_comments.js [33m404[0m 42.013 ms - 158[0m
[0mGET /js/home_posts.js [33m404[0m 55.211 ms - 155[0m
[0mGET /js/toggle_likes.js [33m404[0m 59.124 ms - 157[0m
[0mGET /js/chat_engine.js [33m404[0m 36.180 ms - 156[0m
[0mGET / [32m200[0m 55.784 ms - 15949[0m
[0mGET /js/home_comments.js [33m404[0m 8.497 ms - 158[0m
[0mGET /js/home_posts.js [33m404[0m 10.378 ms - 155[0m
[0mGET /css/chat_box.css [33m404[0m 11.052 ms - 155[0m
[0mGET /js/chat_engine.js [33m404[0m 7.381 ms - 156[0m
[0mGET /css/home.css [33m404[0m 48.314 ms - 151[0m
[0mGET /js/toggle_likes.js [33m404[0m 36.336 ms - 157[0m
[0mGET /css/home.css [33m404[0m 9.849 ms - 151[0m
[0mGET /css/chat_box.css [33m404[0m 11.264 ms - 155[0m
[0mGET / [32m200[0m 71.272 ms - 15946[0m
[0mGET /css/home.css [33m404[0m 3.552 ms - 151[0m
[0mGET /js/home_comments.js [33m404[0m 4.273 ms - 158[0m
[0mGET /css/chat_box.css [33m404[0m 4.685 ms - 155[0m
[0mGET /js/toggle_likes.js [33m404[0m 8.509 ms - 157[0m
[0mGET /js/home_posts.js [33m404[0m 10.052 ms - 155[0m
[0mGET /js/chat_engine.js [33m404[0m 6.721 ms - 156[0m
[0mGET /css/home.css [33m404[0m 6.612 ms - 151[0m
[0mGET /css/chat_box.css [33m404[0m 7.516 ms - 155[0m
[0mGET / [32m200[0m 61.582 ms - 15946[0m
[0mGET /js/home_comments.js [33m404[0m 5.720 ms - 158[0m
[0mGET /css/layout.css [33m404[0m 13.501 ms - 153[0m
[0mGET /css/header.css [33m404[0m 19.534 ms - 153[0m
[0mGET /css/footer.css [33m404[0m 20.049 ms - 153[0m
[0mGET /css/home.css [33m404[0m 22.602 ms - 151[0m
[0mGET /js/home_posts.js [33m404[0m 17.745 ms - 155[0m
[0mGET /css/chat_box.css [33m404[0m 62.707 ms - 155[0m
[0mGET /js/toggle_likes.js [33m404[0m 31.620 ms - 157[0m
[0mGET /js/chat_engine.js [33m404[0m 16.967 ms - 156[0m
[0mGET /css/layout.css [33m404[0m 7.036 ms - 153[0m
[0mGET /css/footer.css [33m404[0m 17.006 ms - 153[0m
[0mGET /css/header.css [33m404[0m 16.259 ms - 153[0m
[0mGET /css/home.css [33m404[0m 19.018 ms - 151[0m
[0mGET /css/chat_box.css [33m404[0m 24.167 ms - 155[0m
[0mGET /css/chat_box.css [33m404[0m 3.214 ms - 155[0m
[0mGET /css/header.css [33m404[0m 4.245 ms - 153[0m
[0mGET / [32m200[0m 93.691 ms - 15946[0m
[0mGET /css/layout.css [33m404[0m 35.171 ms - 153[0m
[0mGET /css/header.css [33m404[0m 67.671 ms - 153[0m
[0mGET /css/home.css [33m404[0m 67.171 ms - 151[0m
[0mGET /js/home_posts.js [33m404[0m 13.218 ms - 155[0m
[0mGET /css/footer.css [33m404[0m 53.814 ms - 153[0m
[0mGET /js/home_comments.js [33m404[0m 66.772 ms - 158[0m
[0mGET /css/chat_box.css [33m404[0m 39.679 ms - 155[0m
[0mGET /js/toggle_likes.js [33m404[0m 47.449 ms - 157[0m
[0mGET /js/chat_engine.js [33m404[0m 46.756 ms - 156[0m
[0mGET /css/header.css [33m404[0m 14.018 ms - 153[0m
[0mGET /css/layout.css [33m404[0m 10.608 ms - 153[0m
[0mGET /css/footer.css [33m404[0m 10.210 ms - 153[0m
[0mGET /css/home.css [33m404[0m 19.389 ms - 151[0m
[0mGET /css/chat_box.css [33m404[0m 16.267 ms - 155[0m
[0mGET / [32m200[0m 69.283 ms - 15946[0m
[0mGET /css/footer.css [33m404[0m 19.972 ms - 153[0m
[0mGET /css/home.css [33m404[0m 21.616 ms - 151[0m
[0mGET /css/header.css [33m404[0m 19.475 ms - 153[0m
[0mGET /css/layout.css [33m404[0m 21.689 ms - 153[0m
[0mGET /css/chat_box.css [33m404[0m 12.258 ms - 155[0m
[0mGET /js/home_comments.js [33m404[0m 24.161 ms - 158[0m
[0mGET /js/home_posts.js [33m404[0m 16.236 ms - 155[0m
[0mGET /js/toggle_likes.js [33m404[0m 17.814 ms - 157[0m
[0mGET /js/chat_engine.js [33m404[0m 19.680 ms - 156[0m
[0mGET /css/layout.css [33m404[0m 10.888 ms - 153[0m
[0mGET /css/header.css [33m404[0m 9.760 ms - 153[0m
[0mGET /css/footer.css [33m404[0m 9.426 ms - 153[0m
[0mGET /css/home.css [33m404[0m 13.167 ms - 151[0m
[0mGET /css/chat_box.css [33m404[0m 15.133 ms - 155[0m
[0mGET /favicon.ico [33m404[0m 5.017 ms - 150[0m
[0mGET /css/layout.css [33m404[0m 4.007 ms - 153[0m
[0mGET /css/header.css [33m404[0m 3.883 ms - 153[0m
[0mGET /css/footer.css [33m404[0m 10.673 ms - 153[0m
[0mGET /css/home.css [33m404[0m 11.517 ms - 151[0m
[0mGET /css/chat_box.css [33m404[0m 10.402 ms - 155[0m
[0mGET / [36m304[0m 65.930 ms - -[0m
[0mGET /css/layout.css [33m404[0m 29.983 ms - 153[0m
[0mGET /js/home_comments.js [33m404[0m 29.698 ms - 158[0m
[0mGET /css/header.css [33m404[0m 62.757 ms - 153[0m
[0mGET /js/chat_engine.js [33m404[0m 61.966 ms - 156[0m
[0mGET /js/home_posts.js [33m404[0m 64.524 ms - 155[0m
[0mGET /js/toggle_likes.js [33m404[0m 70.402 ms - 157[0m
[0mGET /css/home.css [33m404[0m 16.391 ms - 151[0m
[0mGET /css/footer.css [33m404[0m 15.195 ms - 153[0m
[0mGET /css/chat_box.css [33m404[0m 17.400 ms - 155[0m
[0mGET /css/layout.css [33m404[0m 4.598 ms - 153[0m
[0mGET /css/header.css [33m404[0m 5.797 ms - 153[0m
[0mGET /css/footer.css [33m404[0m 6.346 ms - 153[0m
[0mGET /css/home.css [33m404[0m 8.703 ms - 151[0m
[0mGET /css/chat_box.css [33m404[0m 4.988 ms - 155[0m
[0mGET / [32m200[0m 93.096 ms - 15946[0m
[0mGET /js/home_comments.js [33m404[0m 13.937 ms - 158[0m
[0mGET /js/home_posts.js [33m404[0m 53.978 ms - 155[0m
[0mGET /js/toggle_likes.js [33m404[0m 43.555 ms - 157[0m
[0mGET /js/chat_engine.js [33m404[0m 49.075 ms - 156[0m
[0mGET / [32m200[0m 50.075 ms - 15946[0m
[0mGET /css/layout.css [33m404[0m 15.046 ms - 153[0m
[0mGET /css/header.css [33m404[0m 15.328 ms - 153[0m
[0mGET /css/footer.css [33m404[0m 15.713 ms - 153[0m
[0mGET /css/home.css [33m404[0m 40.953 ms - 151[0m
[0mGET /css/chat_box.css [33m404[0m 45.407 ms - 155[0m
[0mGET /js/home_comments.js [33m404[0m 19.494 ms - 158[0m
[0mGET /js/home_posts.js [33m404[0m 10.809 ms - 155[0m
[0mGET /js/chat_engine.js [33m404[0m 9.655 ms - 156[0m
[0mGET /js/toggle_likes.js [33m404[0m 10.192 ms - 157[0m
[0mGET /css/layout.css [33m404[0m 3.980 ms - 153[0m
[0mGET /css/header.css [33m404[0m 8.808 ms - 153[0m
[0mGET /css/footer.css [33m404[0m 8.726 ms - 153[0m
[0mGET /css/home.css [33m404[0m 12.701 ms - 151[0m
[0mGET /css/chat_box.css [33m404[0m 12.897 ms - 155[0m
[0mGET / [32m200[0m 53.378 ms - 15951[0m
[0mGET /css/layout.css [33m404[0m 8.889 ms - 153[0m
[0mGET /css/header.css [33m404[0m 11.193 ms - 153[0m
[0mGET /css/footer.css [33m404[0m 9.498 ms - 153[0m
[0mGET /js/home_comments.js [33m404[0m 23.295 ms - 158[0m
[0mGET /js/home_posts.js [33m404[0m 25.046 ms - 155[0m
[0mGET /js/toggle_likes.js [33m404[0m 28.690 ms - 157[0m
[0mGET /js/chat_engine.js [33m404[0m 40.498 ms - 156[0m
[0mGET /css/home.css [33m404[0m 40.724 ms - 151[0m
[0mGET /css/chat_box.css [33m404[0m 32.535 ms - 155[0m
[0mGET /css/chat_box.css [33m404[0m 9.481 ms - 155[0m
[0mGET /css/home.css [33m404[0m 8.743 ms - 151[0m
[0mGET / [32m200[0m 51.901 ms - 15951[0m
[0mGET /css/layout.css [33m404[0m 5.628 ms - 153[0m
[0mGET /css/header.css [33m404[0m 12.580 ms - 153[0m
[0mGET /css/footer.css [33m404[0m 18.345 ms - 153[0m
[0mGET /js/home_comments.js [33m404[0m 19.504 ms - 158[0m
[0mGET /css/home.css [33m404[0m 20.763 ms - 151[0m
[0mGET /js/home_posts.js [33m404[0m 38.971 ms - 155[0m
[0mGET /css/chat_box.css [33m404[0m 36.773 ms - 155[0m
[0mGET /js/toggle_likes.js [33m404[0m 32.080 ms - 157[0m
[0mGET /js/chat_engine.js [33m404[0m 36.448 ms - 156[0m
[0mGET /css/layout.css [33m404[0m 3.185 ms - 153[0m
[0mGET /css/home.css [33m404[0m 6.025 ms - 151[0m
[0mGET /css/chat_box.css [33m404[0m 3.517 ms - 155[0m
[0mGET / [32m200[0m 65.676 ms - 15951[0m
[0mGET /css/layout.css [33m404[0m 4.092 ms - 153[0m
[0mGET /css/header.css [33m404[0m 5.794 ms - 153[0m
[0mGET /js/home_comments.js [33m404[0m 7.013 ms - 158[0m
[0mGET /js/home_posts.js [33m404[0m 12.446 ms - 155[0m
[0mGET /js/toggle_likes.js [33m404[0m 15.725 ms - 157[0m
[0mGET /css/home.css [33m404[0m 16.946 ms - 151[0m
[0mGET /css/chat_box.css [33m404[0m 21.102 ms - 155[0m
[0mGET /css/footer.css [33m404[0m 16.540 ms - 153[0m
[0mGET /js/chat_engine.js [33m404[0m 15.360 ms - 156[0m
[0mGET /css/home.css [33m404[0m 6.716 ms - 151[0m
[0mGET /css/chat_box.css [33m404[0m 16.702 ms - 155[0m
[0mGET / [32m200[0m 65.756 ms - 15951[0m
[0mGET /js/home_comments.js [33m404[0m 9.092 ms - 158[0m
[0mGET /css/layout.css [33m404[0m 23.814 ms - 153[0m
[0mGET /css/footer.css [33m404[0m 25.515 ms - 153[0m
[0mGET /css/home.css [33m404[0m 25.915 ms - 151[0m
[0mGET /css/header.css [33m404[0m 23.055 ms - 153[0m
[0mGET /css/chat_box.css [33m404[0m 47.952 ms - 155[0m
[0mGET /js/home_posts.js [33m404[0m 16.494 ms - 155[0m
[0mGET /js/toggle_likes.js [33m404[0m 14.108 ms - 157[0m
[0mGET /js/chat_engine.js [33m404[0m 10.798 ms - 156[0m
[0mGET /css/home.css [33m404[0m 3.155 ms - 151[0m
[0mGET / [32m200[0m 127.812 ms - 15951[0m
[0mGET /js/home_comments.js [33m404[0m 7.505 ms - 158[0m
[0mGET /js/chat_engine.js [33m404[0m 23.181 ms - 156[0m
[0mGET /js/toggle_likes.js [33m404[0m 41.319 ms - 157[0m
[0mGET /js/home_posts.js [33m404[0m 46.754 ms - 155[0m
[0mGET / [32m200[0m 53.019 ms - 15951[0m
[0mGET /css/layout.css [33m404[0m 13.121 ms - 153[0m
[0mGET /css/header.css [33m404[0m 12.476 ms - 153[0m
[0mGET /css/footer.css [33m404[0m 15.651 ms - 153[0m
[0mGET /js/home_comments.js [33m404[0m 40.737 ms - 158[0m
[0mGET /js/toggle_likes.js [33m404[0m 22.500 ms - 157[0m
[0mGET /js/home_posts.js [33m404[0m 35.581 ms - 155[0m
[0mGET /css/chat_box.css [33m404[0m 64.752 ms - 155[0m
[0mGET /css/home.css [33m404[0m 72.948 ms - 151[0m
[0mGET /js/chat_engine.js [33m404[0m 52.323 ms - 156[0m
[0mGET /css/home.css [33m404[0m 7.343 ms - 151[0m
[0mGET /css/chat_box.css [33m404[0m 10.036 ms - 155[0m
[0mGET / [32m200[0m 45.528 ms - 15951[0m
[0mGET /css/layout.css [33m404[0m 7.811 ms - 153[0m
[0mGET /css/header.css [33m404[0m 8.293 ms - 153[0m
[0mGET /js/home_comments.js [33m404[0m 9.266 ms - 158[0m
[0mGET /js/home_posts.js [33m404[0m 12.881 ms - 155[0m
[0mGET /css/footer.css [33m404[0m 44.538 ms - 153[0m
[0mGET /css/home.css [33m404[0m 14.568 ms - 151[0m
[0mGET /css/chat_box.css [33m404[0m 25.391 ms - 155[0m
[0mGET /js/toggle_likes.js [33m404[0m 42.635 ms - 157[0m
[0mGET /js/chat_engine.js [33m404[0m 14.618 ms - 156[0m
[0mGET /css/home.css [33m404[0m 5.665 ms - 151[0m
[0mGET /css/chat_box.css [33m404[0m 7.653 ms - 155[0m
[0mGET / [32m200[0m 1825.711 ms - 15951[0m
[0mGET /css/layout.css [33m404[0m 11.913 ms - 153[0m
[0mGET /css/footer.css [33m404[0m 16.447 ms - 153[0m
[0mGET /js/home_comments.js [33m404[0m 20.408 ms - 158[0m
[0mGET /css/home.css [33m404[0m 39.216 ms - 151[0m
[0mGET /css/chat_box.css [33m404[0m 41.715 ms - 155[0m
[0mGET /css/header.css [33m404[0m 23.024 ms - 153[0m
[0mGET /js/home_posts.js [33m404[0m 29.922 ms - 155[0m
[0mGET /js/toggle_likes.js [33m404[0m 9.357 ms - 157[0m
[0mGET /js/chat_engine.js [33m404[0m 12.878 ms - 156[0m
[0mGET /css/home.css [33m404[0m 5.534 ms - 151[0m
[0mGET /css/chat_box.css [33m404[0m 7.101 ms - 155[0m
[0mGET / [32m200[0m 114.038 ms - 15951[0m
[0mGET /css/layout.css [33m404[0m 13.014 ms - 153[0m
[0mGET /css/header.css [33m404[0m 38.332 ms - 153[0m
[0mGET /css/home.css [33m404[0m 21.128 ms - 151[0m
[0mGET /css/footer.css [33m404[0m 50.517 ms - 153[0m
[0mGET /js/toggle_likes.js [33m404[0m 16.687 ms - 157[0m
[0mGET /js/chat_engine.js [33m404[0m 17.113 ms - 156[0m
[0mGET /css/chat_box.css [33m404[0m 55.252 ms - 155[0m
[0mGET /js/home_comments.js [33m404[0m 60.971 ms - 158[0m
[0mGET /js/home_posts.js [33m404[0m 34.429 ms - 155[0m
[0mGET /css/home.css [33m404[0m 6.795 ms - 151[0m
[0mGET /css/chat_box.css [33m404[0m 9.206 ms - 155[0m
[0mGET / [32m200[0m 107.691 ms - 15951[0m
[0mGET /css/layout.css [33m404[0m 29.410 ms - 153[0m
[0mGET /css/header.css [33m404[0m 59.729 ms - 153[0m
[0mGET /css/chat_box.css [33m404[0m 27.452 ms - 155[0m
[0mGET /css/footer.css [33m404[0m 69.728 ms - 153[0m
[0mGET /css/home.css [33m404[0m 27.389 ms - 151[0m
[0mGET /js/home_comments.js [33m404[0m 46.576 ms - 158[0m
[0mGET /js/home_posts.js [33m404[0m 55.921 ms - 155[0m
[0mGET /js/toggle_likes.js [33m404[0m 22.425 ms - 157[0m
[0mGET /js/chat_engine.js [33m404[0m 16.085 ms - 156[0m
[0mGET /css/home.css [33m404[0m 6.483 ms - 151[0m
[0mGET /css/chat_box.css [33m404[0m 4.870 ms - 155[0m
[0mGET / [32m200[0m 72.863 ms - 15951[0m
[0mGET /css/layout.css [33m404[0m 8.801 ms - 153[0m
[0mGET /css/header.css [33m404[0m 11.564 ms - 153[0m
[0mGET /css/footer.css [33m404[0m 4.019 ms - 153[0m
[0mGET /css/chat_box.css [33m404[0m 11.207 ms - 155[0m
[0mGET /js/home_comments.js [33m404[0m 19.135 ms - 158[0m
[0mGET /css/home.css [33m404[0m 28.098 ms - 151[0m
[0mGET /js/toggle_likes.js [33m404[0m 16.068 ms - 157[0m
[0mGET /js/chat_engine.js [33m404[0m 20.968 ms - 156[0m
[0mGET /js/home_posts.js [33m404[0m 54.902 ms - 155[0m
[0mGET /css/home.css [33m404[0m 7.887 ms - 151[0m
[0mGET /css/chat_box.css [33m404[0m 5.797 ms - 155[0m
[0mGET / [32m200[0m 110.739 ms - 15951[0m
[0mGET / [32m200[0m 74.308 ms - 15951[0m
[0mGET / [32m200[0m 76.251 ms - 15951[0m
[0mGET /users/sign-in [32m200[0m 35.955 ms - 2138[0m
[0mGET /users/css/layout.css [33m404[0m 14.953 ms - 159[0m
[0mGET /users/css/header.css [33m404[0m 22.822 ms - 159[0m
[0mGET /users/css/footer.css [33m404[0m 22.609 ms - 159[0m
[0mGET /users/sign-in [32m200[0m 12.666 ms - 2138[0m
[0mGET /users/css/layout.css [33m404[0m 8.539 ms - 159[0m
[0mGET /users/css/header.css [33m404[0m 11.343 ms - 159[0m
[0mGET /users/css/footer.css [33m404[0m 13.645 ms - 159[0m
[0mGET /users/sign-in [32m200[0m 11.701 ms - 2138[0m
[0mGET /users/css/layout.css [33m404[0m 9.679 ms - 159[0m
[0mGET /users/css/header.css [33m404[0m 9.753 ms - 159[0m
[0mGET /users/css/footer.css [33m404[0m 10.875 ms - 159[0m
[0mGET / [32m200[0m 63.382 ms - 15951[0m
[0mGET / [32m200[0m 116.486 ms - 15951[0m
[0mGET / [32m200[0m 83.441 ms - 15951[0m
[0mGET / [32m200[0m 108.538 ms - 15969[0m
[0mGET /users/sign-in [32m200[0m 13.210 ms - 2144[0m
[0mGET /users/css/layout.css [33m404[0m 10.357 ms - 159[0m
[0mGET /users/css/header.css [33m404[0m 16.360 ms - 159[0m
[0mGET /users/css/footer.css [33m404[0m 17.388 ms - 159[0m
[0mGET /users/sign-in [32m200[0m 13.225 ms - 2144[0m
[0mGET /users/css/layout.css [33m404[0m 6.572 ms - 159[0m
[0mGET /users/css/header.css [33m404[0m 9.045 ms - 159[0m
[0mGET /users/css/footer.css [33m404[0m 10.946 ms - 159[0m
[0mGET /users/sign-in [32m200[0m 14.820 ms - 2142[0m
[0mGET /users/css/header.css [33m404[0m 11.425 ms - 159[0m
[0mGET /users/css/layout.css [33m404[0m 10.188 ms - 159[0m
[0mGET /users/css/footer.css [33m404[0m 5.237 ms - 159[0m
[0mGET /users/css/layout.css [33m404[0m 3.981 ms - 159[0m
[0mGET /users/css/header.css [33m404[0m 3.863 ms - 159[0m
[0mGET /users/css/footer.css [33m404[0m 6.267 ms - 159[0m
[0mGET /users/sign-in [32m200[0m 12.318 ms - 2142[0m
[0mGET /users/css/layout.css [33m404[0m 8.843 ms - 159[0m
[0mGET /users/css/header.css [33m404[0m 15.536 ms - 159[0m
[0mGET /users/css/footer.css [33m404[0m 16.683 ms - 159[0m
[0mGET /users/css/layout.css [33m404[0m 10.919 ms - 159[0m
[0mGET /users/css/header.css [33m404[0m 11.399 ms - 159[0m
[0mGET /users/css/footer.css [33m404[0m 5.206 ms - 159[0m
[0mGET /users/sign-in [32m200[0m 12.383 ms - 2142[0m
[0mGET /users/css/layout.css [33m404[0m 7.873 ms - 159[0m
[0mGET /users/css/header.css [33m404[0m 12.635 ms - 159[0m
[0mGET /users/css/footer.css [33m404[0m 14.883 ms - 159[0m
[0mGET /users/css/layout.css [33m404[0m 8.559 ms - 159[0m
[0mGET /users/css/header.css [33m404[0m 10.229 ms - 159[0m
[0mGET /users/css/footer.css [33m404[0m 6.086 ms - 159[0m
[0mGET /users/sign-in [32m200[0m 44.707 ms - 2145[0m
[0mGET /users/sign-in [32m200[0m 16.765 ms - 2145[0m
[0mGET /users/sign-in [32m200[0m 14.210 ms - 2145[0m
[0mGET / [32m200[0m 91.871 ms - 15976[0m
[0mGET /users/sign-in [32m200[0m 10.652 ms - 2145[0m
[0mGET /users/sign-in [32m200[0m 46.402 ms - 2145[0m
[0mGET / [32m200[0m 109.615 ms - 15976[0m
[0mGET / [32m200[0m 122.814 ms - 15976[0m
[0mGET /users/sign-up [32m200[0m 112.010 ms - 2297[0m
[0mGET /users/sign-in [32m200[0m 10.736 ms - 2145[0m
[0mGET /users/sign-in [32m200[0m 591.447 ms - 2294[0m
[0mGET /users/sign-in [32m200[0m 8.081 ms - 2294[0m
[0mGET /users/sign-up [32m200[0m 76.203 ms - 2297[0m
[0mGET /users/sign-in [32m200[0m 9.363 ms - 2294[0m
[0mGET /users/sign-up [32m200[0m 8.101 ms - 2297[0m
[0mGET /users/sign-up [32m200[0m 17.398 ms - 2454[0m
[0mGET /users/sign-up [32m200[0m 8.886 ms - 2529[0m
[0mGET /users/sign-in [32m200[0m 11.938 ms - 2294[0m
[0mGET /users/sign-up [32m200[0m 10.353 ms - 2529[0m
[0mGET /users/sign-in [32m200[0m 7.984 ms - 2294[0m
[0mPOST /users/create-session [36m302[0m 54.041 ms - 46[0m
[0mGET / [32m200[0m 189.714 ms - 26200[0m
